[2025-10-06T01:06:52.586+0000] {processor.py:161} INFO - Started process (PID=8901) to work on /opt/airflow/dags/coms_dags.py
[2025-10-06T01:06:52.587+0000] {processor.py:830} INFO - Processing file /opt/airflow/dags/coms_dags.py for tasks to queue
[2025-10-06T01:06:52.600+0000] {logging_mixin.py:188} INFO - [2025-10-06T01:06:52.600+0000] {dagbag.py:538} INFO - Filling up the DagBag from /opt/airflow/dags/coms_dags.py
[2025-10-06T01:06:53.036+0000] {processor.py:840} INFO - DAG(s) 'coms_end_to_end_etl' retrieved from /opt/airflow/dags/coms_dags.py
[2025-10-06T01:06:53.187+0000] {logging_mixin.py:188} INFO - [2025-10-06T01:06:53.187+0000] {dag.py:3036} INFO - Sync 1 DAGs
[2025-10-06T01:06:53.472+0000] {logging_mixin.py:188} INFO - [2025-10-06T01:06:53.470+0000] {dag.py:3823} INFO - Setting next_dagrun for coms_end_to_end_etl to 2025-10-06 00:00:00+00:00, run_after=2025-10-07 00:00:00+00:00
[2025-10-06T01:06:53.504+0000] {processor.py:183} INFO - Processing /opt/airflow/dags/coms_dags.py took 0.945 seconds
[2025-10-06T02:12:26.990+0000] {processor.py:161} INFO - Started process (PID=8916) to work on /opt/airflow/dags/coms_dags.py
[2025-10-06T02:12:26.998+0000] {processor.py:830} INFO - Processing file /opt/airflow/dags/coms_dags.py for tasks to queue
[2025-10-06T02:12:27.002+0000] {logging_mixin.py:188} INFO - [2025-10-06T02:12:27.002+0000] {dagbag.py:538} INFO - Filling up the DagBag from /opt/airflow/dags/coms_dags.py
[2025-10-06T02:12:27.049+0000] {processor.py:840} INFO - DAG(s) 'coms_end_to_end_etl' retrieved from /opt/airflow/dags/coms_dags.py
[2025-10-06T02:12:27.092+0000] {logging_mixin.py:188} INFO - [2025-10-06T02:12:27.092+0000] {dag.py:3036} INFO - Sync 1 DAGs
[2025-10-06T02:12:27.108+0000] {logging_mixin.py:188} INFO - [2025-10-06T02:12:27.108+0000] {dag.py:3823} INFO - Setting next_dagrun for coms_end_to_end_etl to 2025-10-06 00:00:00+00:00, run_after=2025-10-07 00:00:00+00:00
[2025-10-06T02:12:27.121+0000] {processor.py:183} INFO - Processing /opt/airflow/dags/coms_dags.py took 0.145 seconds
[2025-10-06T03:16:43.152+0000] {processor.py:161} INFO - Started process (PID=8924) to work on /opt/airflow/dags/coms_dags.py
[2025-10-06T03:16:43.154+0000] {processor.py:830} INFO - Processing file /opt/airflow/dags/coms_dags.py for tasks to queue
[2025-10-06T03:16:43.160+0000] {logging_mixin.py:188} INFO - [2025-10-06T03:16:43.159+0000] {dagbag.py:538} INFO - Filling up the DagBag from /opt/airflow/dags/coms_dags.py
[2025-10-06T03:16:43.198+0000] {processor.py:840} INFO - DAG(s) 'coms_end_to_end_etl' retrieved from /opt/airflow/dags/coms_dags.py
[2025-10-06T03:16:43.229+0000] {logging_mixin.py:188} INFO - [2025-10-06T03:16:43.229+0000] {dag.py:3036} INFO - Sync 1 DAGs
[2025-10-06T03:16:43.247+0000] {logging_mixin.py:188} INFO - [2025-10-06T03:16:43.247+0000] {dag.py:3823} INFO - Setting next_dagrun for coms_end_to_end_etl to 2025-10-06 00:00:00+00:00, run_after=2025-10-07 00:00:00+00:00
[2025-10-06T03:16:43.263+0000] {processor.py:183} INFO - Processing /opt/airflow/dags/coms_dags.py took 0.119 seconds
[2025-10-06T04:39:44.800+0000] {processor.py:161} INFO - Started process (PID=8932) to work on /opt/airflow/dags/coms_dags.py
[2025-10-06T04:39:44.801+0000] {processor.py:830} INFO - Processing file /opt/airflow/dags/coms_dags.py for tasks to queue
[2025-10-06T04:39:44.806+0000] {logging_mixin.py:188} INFO - [2025-10-06T04:39:44.806+0000] {dagbag.py:538} INFO - Filling up the DagBag from /opt/airflow/dags/coms_dags.py
[2025-10-06T04:39:44.889+0000] {processor.py:840} INFO - DAG(s) 'coms_end_to_end_etl' retrieved from /opt/airflow/dags/coms_dags.py
[2025-10-06T04:39:45.015+0000] {logging_mixin.py:188} INFO - [2025-10-06T04:39:45.014+0000] {dag.py:3036} INFO - Sync 1 DAGs
[2025-10-06T04:39:45.060+0000] {logging_mixin.py:188} INFO - [2025-10-06T04:39:45.060+0000] {dag.py:3823} INFO - Setting next_dagrun for coms_end_to_end_etl to 2025-10-06 00:00:00+00:00, run_after=2025-10-07 00:00:00+00:00
[2025-10-06T04:39:45.094+0000] {processor.py:183} INFO - Processing /opt/airflow/dags/coms_dags.py took 0.297 seconds
[2025-10-06T05:12:28.429+0000] {processor.py:161} INFO - Started process (PID=8940) to work on /opt/airflow/dags/coms_dags.py
[2025-10-06T05:12:28.431+0000] {processor.py:830} INFO - Processing file /opt/airflow/dags/coms_dags.py for tasks to queue
[2025-10-06T05:12:28.435+0000] {logging_mixin.py:188} INFO - [2025-10-06T05:12:28.435+0000] {dagbag.py:538} INFO - Filling up the DagBag from /opt/airflow/dags/coms_dags.py
[2025-10-06T05:12:28.482+0000] {processor.py:840} INFO - DAG(s) 'coms_end_to_end_etl' retrieved from /opt/airflow/dags/coms_dags.py
[2025-10-06T05:12:28.526+0000] {logging_mixin.py:188} INFO - [2025-10-06T05:12:28.526+0000] {dag.py:3036} INFO - Sync 1 DAGs
[2025-10-06T05:12:28.544+0000] {logging_mixin.py:188} INFO - [2025-10-06T05:12:28.544+0000] {dag.py:3823} INFO - Setting next_dagrun for coms_end_to_end_etl to 2025-10-06 00:00:00+00:00, run_after=2025-10-07 00:00:00+00:00
[2025-10-06T05:12:28.570+0000] {processor.py:183} INFO - Processing /opt/airflow/dags/coms_dags.py took 0.153 seconds
[2025-10-06T06:32:09.368+0000] {processor.py:161} INFO - Started process (PID=8948) to work on /opt/airflow/dags/coms_dags.py
[2025-10-06T06:32:09.370+0000] {processor.py:830} INFO - Processing file /opt/airflow/dags/coms_dags.py for tasks to queue
[2025-10-06T06:32:09.377+0000] {logging_mixin.py:188} INFO - [2025-10-06T06:32:09.376+0000] {dagbag.py:538} INFO - Filling up the DagBag from /opt/airflow/dags/coms_dags.py
[2025-10-06T06:32:09.460+0000] {processor.py:840} INFO - DAG(s) 'coms_end_to_end_etl' retrieved from /opt/airflow/dags/coms_dags.py
[2025-10-06T06:32:09.545+0000] {logging_mixin.py:188} INFO - [2025-10-06T06:32:09.544+0000] {dag.py:3036} INFO - Sync 1 DAGs
[2025-10-06T06:32:09.603+0000] {logging_mixin.py:188} INFO - [2025-10-06T06:32:09.602+0000] {dag.py:3823} INFO - Setting next_dagrun for coms_end_to_end_etl to 2025-10-06 00:00:00+00:00, run_after=2025-10-07 00:00:00+00:00
[2025-10-06T06:32:09.657+0000] {processor.py:183} INFO - Processing /opt/airflow/dags/coms_dags.py took 0.299 seconds
[2025-10-06T07:37:06.761+0000] {processor.py:161} INFO - Started process (PID=8956) to work on /opt/airflow/dags/coms_dags.py
[2025-10-06T07:37:06.766+0000] {processor.py:830} INFO - Processing file /opt/airflow/dags/coms_dags.py for tasks to queue
[2025-10-06T07:37:06.773+0000] {logging_mixin.py:188} INFO - [2025-10-06T07:37:06.772+0000] {dagbag.py:538} INFO - Filling up the DagBag from /opt/airflow/dags/coms_dags.py
[2025-10-06T07:37:06.901+0000] {processor.py:840} INFO - DAG(s) 'coms_end_to_end_etl' retrieved from /opt/airflow/dags/coms_dags.py
[2025-10-06T07:37:07.070+0000] {logging_mixin.py:188} INFO - [2025-10-06T07:37:07.069+0000] {dag.py:3036} INFO - Sync 1 DAGs
[2025-10-06T07:37:07.164+0000] {logging_mixin.py:188} INFO - [2025-10-06T07:37:07.162+0000] {dag.py:3823} INFO - Setting next_dagrun for coms_end_to_end_etl to 2025-10-06 00:00:00+00:00, run_after=2025-10-07 00:00:00+00:00
[2025-10-06T07:37:07.233+0000] {processor.py:183} INFO - Processing /opt/airflow/dags/coms_dags.py took 0.495 seconds
[2025-10-06T08:44:09.850+0000] {processor.py:161} INFO - Started process (PID=8964) to work on /opt/airflow/dags/coms_dags.py
[2025-10-06T08:44:09.852+0000] {processor.py:830} INFO - Processing file /opt/airflow/dags/coms_dags.py for tasks to queue
[2025-10-06T08:44:09.856+0000] {logging_mixin.py:188} INFO - [2025-10-06T08:44:09.855+0000] {dagbag.py:538} INFO - Filling up the DagBag from /opt/airflow/dags/coms_dags.py
[2025-10-06T08:44:09.933+0000] {processor.py:840} INFO - DAG(s) 'coms_end_to_end_etl' retrieved from /opt/airflow/dags/coms_dags.py
[2025-10-06T08:44:10.062+0000] {logging_mixin.py:188} INFO - [2025-10-06T08:44:10.061+0000] {dag.py:3036} INFO - Sync 1 DAGs
[2025-10-06T08:44:10.134+0000] {logging_mixin.py:188} INFO - [2025-10-06T08:44:10.134+0000] {dag.py:3823} INFO - Setting next_dagrun for coms_end_to_end_etl to 2025-10-06 00:00:00+00:00, run_after=2025-10-07 00:00:00+00:00
[2025-10-06T08:44:10.166+0000] {processor.py:183} INFO - Processing /opt/airflow/dags/coms_dags.py took 0.320 seconds
[2025-10-06T09:51:47.103+0000] {processor.py:161} INFO - Started process (PID=8972) to work on /opt/airflow/dags/coms_dags.py
[2025-10-06T09:51:47.106+0000] {processor.py:830} INFO - Processing file /opt/airflow/dags/coms_dags.py for tasks to queue
[2025-10-06T09:51:47.110+0000] {logging_mixin.py:188} INFO - [2025-10-06T09:51:47.109+0000] {dagbag.py:538} INFO - Filling up the DagBag from /opt/airflow/dags/coms_dags.py
[2025-10-06T09:51:47.170+0000] {processor.py:840} INFO - DAG(s) 'coms_end_to_end_etl' retrieved from /opt/airflow/dags/coms_dags.py
[2025-10-06T09:51:47.221+0000] {logging_mixin.py:188} INFO - [2025-10-06T09:51:47.221+0000] {dag.py:3036} INFO - Sync 1 DAGs
[2025-10-06T09:51:47.247+0000] {logging_mixin.py:188} INFO - [2025-10-06T09:51:47.247+0000] {dag.py:3823} INFO - Setting next_dagrun for coms_end_to_end_etl to 2025-10-06 00:00:00+00:00, run_after=2025-10-07 00:00:00+00:00
[2025-10-06T09:51:47.270+0000] {processor.py:183} INFO - Processing /opt/airflow/dags/coms_dags.py took 0.185 seconds
[2025-10-06T10:37:50.707+0000] {processor.py:161} INFO - Started process (PID=8980) to work on /opt/airflow/dags/coms_dags.py
[2025-10-06T10:37:50.709+0000] {processor.py:830} INFO - Processing file /opt/airflow/dags/coms_dags.py for tasks to queue
[2025-10-06T10:37:50.714+0000] {logging_mixin.py:188} INFO - [2025-10-06T10:37:50.714+0000] {dagbag.py:538} INFO - Filling up the DagBag from /opt/airflow/dags/coms_dags.py
[2025-10-06T10:37:50.805+0000] {processor.py:840} INFO - DAG(s) 'coms_end_to_end_etl' retrieved from /opt/airflow/dags/coms_dags.py
[2025-10-06T10:37:50.912+0000] {logging_mixin.py:188} INFO - [2025-10-06T10:37:50.911+0000] {dag.py:3036} INFO - Sync 1 DAGs
[2025-10-06T10:37:50.972+0000] {logging_mixin.py:188} INFO - [2025-10-06T10:37:50.972+0000] {dag.py:3823} INFO - Setting next_dagrun for coms_end_to_end_etl to 2025-10-06 00:00:00+00:00, run_after=2025-10-07 00:00:00+00:00
[2025-10-06T10:37:51.021+0000] {processor.py:183} INFO - Processing /opt/airflow/dags/coms_dags.py took 0.322 seconds
[2025-10-06T10:38:59.114+0000] {processor.py:161} INFO - Started process (PID=8988) to work on /opt/airflow/dags/coms_dags.py
[2025-10-06T10:38:59.116+0000] {processor.py:830} INFO - Processing file /opt/airflow/dags/coms_dags.py for tasks to queue
[2025-10-06T10:38:59.119+0000] {logging_mixin.py:188} INFO - [2025-10-06T10:38:59.118+0000] {dagbag.py:538} INFO - Filling up the DagBag from /opt/airflow/dags/coms_dags.py
[2025-10-06T10:38:59.142+0000] {processor.py:840} INFO - DAG(s) 'coms_end_to_end_etl' retrieved from /opt/airflow/dags/coms_dags.py
[2025-10-06T10:38:59.196+0000] {logging_mixin.py:188} INFO - [2025-10-06T10:38:59.196+0000] {dag.py:3036} INFO - Sync 1 DAGs
[2025-10-06T10:38:59.219+0000] {logging_mixin.py:188} INFO - [2025-10-06T10:38:59.218+0000] {dag.py:3823} INFO - Setting next_dagrun for coms_end_to_end_etl to 2025-10-06 00:00:00+00:00, run_after=2025-10-07 00:00:00+00:00
[2025-10-06T10:38:59.229+0000] {processor.py:183} INFO - Processing /opt/airflow/dags/coms_dags.py took 0.124 seconds
[2025-10-06T10:57:13.466+0000] {processor.py:161} INFO - Started process (PID=8996) to work on /opt/airflow/dags/coms_dags.py
[2025-10-06T10:57:13.470+0000] {processor.py:830} INFO - Processing file /opt/airflow/dags/coms_dags.py for tasks to queue
[2025-10-06T10:57:13.494+0000] {logging_mixin.py:188} INFO - [2025-10-06T10:57:13.493+0000] {dagbag.py:538} INFO - Filling up the DagBag from /opt/airflow/dags/coms_dags.py
[2025-10-06T10:57:13.565+0000] {processor.py:840} INFO - DAG(s) 'coms_end_to_end_etl' retrieved from /opt/airflow/dags/coms_dags.py
[2025-10-06T10:57:13.678+0000] {logging_mixin.py:188} INFO - [2025-10-06T10:57:13.678+0000] {dag.py:3036} INFO - Sync 1 DAGs
[2025-10-06T10:57:13.741+0000] {logging_mixin.py:188} INFO - [2025-10-06T10:57:13.740+0000] {dag.py:3823} INFO - Setting next_dagrun for coms_end_to_end_etl to 2025-10-06 00:00:00+00:00, run_after=2025-10-07 00:00:00+00:00
[2025-10-06T10:57:13.798+0000] {processor.py:183} INFO - Processing /opt/airflow/dags/coms_dags.py took 0.342 seconds
[2025-10-06T11:08:42.480+0000] {processor.py:161} INFO - Started process (PID=9004) to work on /opt/airflow/dags/coms_dags.py
[2025-10-06T11:08:42.486+0000] {processor.py:830} INFO - Processing file /opt/airflow/dags/coms_dags.py for tasks to queue
[2025-10-06T11:08:42.505+0000] {logging_mixin.py:188} INFO - [2025-10-06T11:08:42.504+0000] {dagbag.py:538} INFO - Filling up the DagBag from /opt/airflow/dags/coms_dags.py
[2025-10-06T11:08:42.571+0000] {processor.py:840} INFO - DAG(s) 'coms_end_to_end_etl' retrieved from /opt/airflow/dags/coms_dags.py
[2025-10-06T11:08:42.656+0000] {logging_mixin.py:188} INFO - [2025-10-06T11:08:42.656+0000] {dag.py:3036} INFO - Sync 1 DAGs
[2025-10-06T11:08:42.702+0000] {logging_mixin.py:188} INFO - [2025-10-06T11:08:42.702+0000] {dag.py:3823} INFO - Setting next_dagrun for coms_end_to_end_etl to 2025-10-06 00:00:00+00:00, run_after=2025-10-07 00:00:00+00:00
[2025-10-06T11:08:42.736+0000] {processor.py:183} INFO - Processing /opt/airflow/dags/coms_dags.py took 0.278 seconds
[2025-10-06T11:09:13.060+0000] {processor.py:161} INFO - Started process (PID=9012) to work on /opt/airflow/dags/coms_dags.py
[2025-10-06T11:09:13.062+0000] {processor.py:830} INFO - Processing file /opt/airflow/dags/coms_dags.py for tasks to queue
[2025-10-06T11:09:13.068+0000] {logging_mixin.py:188} INFO - [2025-10-06T11:09:13.067+0000] {dagbag.py:538} INFO - Filling up the DagBag from /opt/airflow/dags/coms_dags.py
[2025-10-06T11:09:13.097+0000] {processor.py:840} INFO - DAG(s) 'coms_end_to_end_etl' retrieved from /opt/airflow/dags/coms_dags.py
[2025-10-06T11:09:13.137+0000] {logging_mixin.py:188} INFO - [2025-10-06T11:09:13.136+0000] {dag.py:3036} INFO - Sync 1 DAGs
[2025-10-06T11:09:13.165+0000] {logging_mixin.py:188} INFO - [2025-10-06T11:09:13.165+0000] {dag.py:3823} INFO - Setting next_dagrun for coms_end_to_end_etl to 2025-10-06 00:00:00+00:00, run_after=2025-10-07 00:00:00+00:00
[2025-10-06T11:09:13.178+0000] {processor.py:183} INFO - Processing /opt/airflow/dags/coms_dags.py took 0.142 seconds
[2025-10-06T11:09:43.495+0000] {processor.py:161} INFO - Started process (PID=9020) to work on /opt/airflow/dags/coms_dags.py
[2025-10-06T11:09:43.499+0000] {processor.py:830} INFO - Processing file /opt/airflow/dags/coms_dags.py for tasks to queue
[2025-10-06T11:09:43.508+0000] {logging_mixin.py:188} INFO - [2025-10-06T11:09:43.508+0000] {dagbag.py:538} INFO - Filling up the DagBag from /opt/airflow/dags/coms_dags.py
[2025-10-06T11:09:43.533+0000] {processor.py:840} INFO - DAG(s) 'coms_end_to_end_etl' retrieved from /opt/airflow/dags/coms_dags.py
[2025-10-06T11:09:43.574+0000] {logging_mixin.py:188} INFO - [2025-10-06T11:09:43.574+0000] {dag.py:3036} INFO - Sync 1 DAGs
[2025-10-06T11:09:43.590+0000] {logging_mixin.py:188} INFO - [2025-10-06T11:09:43.590+0000] {dag.py:3823} INFO - Setting next_dagrun for coms_end_to_end_etl to 2025-10-06 00:00:00+00:00, run_after=2025-10-07 00:00:00+00:00
[2025-10-06T11:09:43.599+0000] {processor.py:183} INFO - Processing /opt/airflow/dags/coms_dags.py took 0.128 seconds
[2025-10-06T11:10:13.852+0000] {processor.py:161} INFO - Started process (PID=9028) to work on /opt/airflow/dags/coms_dags.py
[2025-10-06T11:10:13.854+0000] {processor.py:830} INFO - Processing file /opt/airflow/dags/coms_dags.py for tasks to queue
[2025-10-06T11:10:13.859+0000] {logging_mixin.py:188} INFO - [2025-10-06T11:10:13.858+0000] {dagbag.py:538} INFO - Filling up the DagBag from /opt/airflow/dags/coms_dags.py
[2025-10-06T11:10:13.909+0000] {processor.py:840} INFO - DAG(s) 'coms_end_to_end_etl' retrieved from /opt/airflow/dags/coms_dags.py
[2025-10-06T11:10:13.939+0000] {logging_mixin.py:188} INFO - [2025-10-06T11:10:13.939+0000] {dag.py:3036} INFO - Sync 1 DAGs
[2025-10-06T11:10:13.954+0000] {logging_mixin.py:188} INFO - [2025-10-06T11:10:13.954+0000] {dag.py:3823} INFO - Setting next_dagrun for coms_end_to_end_etl to 2025-10-06 00:00:00+00:00, run_after=2025-10-07 00:00:00+00:00
[2025-10-06T11:10:13.969+0000] {processor.py:183} INFO - Processing /opt/airflow/dags/coms_dags.py took 0.124 seconds
[2025-10-06T11:10:44.241+0000] {processor.py:161} INFO - Started process (PID=9036) to work on /opt/airflow/dags/coms_dags.py
[2025-10-06T11:10:44.243+0000] {processor.py:830} INFO - Processing file /opt/airflow/dags/coms_dags.py for tasks to queue
[2025-10-06T11:10:44.247+0000] {logging_mixin.py:188} INFO - [2025-10-06T11:10:44.247+0000] {dagbag.py:538} INFO - Filling up the DagBag from /opt/airflow/dags/coms_dags.py
[2025-10-06T11:10:44.273+0000] {processor.py:840} INFO - DAG(s) 'coms_end_to_end_etl' retrieved from /opt/airflow/dags/coms_dags.py
[2025-10-06T11:10:44.303+0000] {logging_mixin.py:188} INFO - [2025-10-06T11:10:44.303+0000] {dag.py:3036} INFO - Sync 1 DAGs
[2025-10-06T11:10:44.316+0000] {logging_mixin.py:188} INFO - [2025-10-06T11:10:44.316+0000] {dag.py:3823} INFO - Setting next_dagrun for coms_end_to_end_etl to 2025-10-06 00:00:00+00:00, run_after=2025-10-07 00:00:00+00:00
[2025-10-06T11:10:44.325+0000] {processor.py:183} INFO - Processing /opt/airflow/dags/coms_dags.py took 0.090 seconds
[2025-10-06T11:11:14.597+0000] {processor.py:161} INFO - Started process (PID=9044) to work on /opt/airflow/dags/coms_dags.py
[2025-10-06T11:11:14.599+0000] {processor.py:830} INFO - Processing file /opt/airflow/dags/coms_dags.py for tasks to queue
[2025-10-06T11:11:14.603+0000] {logging_mixin.py:188} INFO - [2025-10-06T11:11:14.602+0000] {dagbag.py:538} INFO - Filling up the DagBag from /opt/airflow/dags/coms_dags.py
[2025-10-06T11:11:14.628+0000] {processor.py:840} INFO - DAG(s) 'coms_end_to_end_etl' retrieved from /opt/airflow/dags/coms_dags.py
[2025-10-06T11:11:14.674+0000] {logging_mixin.py:188} INFO - [2025-10-06T11:11:14.674+0000] {dag.py:3036} INFO - Sync 1 DAGs
[2025-10-06T11:11:14.688+0000] {logging_mixin.py:188} INFO - [2025-10-06T11:11:14.688+0000] {dag.py:3823} INFO - Setting next_dagrun for coms_end_to_end_etl to 2025-10-06 00:00:00+00:00, run_after=2025-10-07 00:00:00+00:00
[2025-10-06T11:11:14.698+0000] {processor.py:183} INFO - Processing /opt/airflow/dags/coms_dags.py took 0.106 seconds
[2025-10-06T11:11:44.983+0000] {processor.py:161} INFO - Started process (PID=9052) to work on /opt/airflow/dags/coms_dags.py
[2025-10-06T11:11:44.985+0000] {processor.py:830} INFO - Processing file /opt/airflow/dags/coms_dags.py for tasks to queue
[2025-10-06T11:11:44.988+0000] {logging_mixin.py:188} INFO - [2025-10-06T11:11:44.987+0000] {dagbag.py:538} INFO - Filling up the DagBag from /opt/airflow/dags/coms_dags.py
[2025-10-06T11:11:45.020+0000] {processor.py:840} INFO - DAG(s) 'coms_end_to_end_etl' retrieved from /opt/airflow/dags/coms_dags.py
[2025-10-06T11:11:45.049+0000] {logging_mixin.py:188} INFO - [2025-10-06T11:11:45.049+0000] {dag.py:3036} INFO - Sync 1 DAGs
[2025-10-06T11:11:45.063+0000] {logging_mixin.py:188} INFO - [2025-10-06T11:11:45.063+0000] {dag.py:3823} INFO - Setting next_dagrun for coms_end_to_end_etl to 2025-10-06 00:00:00+00:00, run_after=2025-10-07 00:00:00+00:00
[2025-10-06T11:11:45.073+0000] {processor.py:183} INFO - Processing /opt/airflow/dags/coms_dags.py took 0.096 seconds
[2025-10-06T11:12:15.625+0000] {processor.py:161} INFO - Started process (PID=9060) to work on /opt/airflow/dags/coms_dags.py
[2025-10-06T11:12:15.626+0000] {processor.py:830} INFO - Processing file /opt/airflow/dags/coms_dags.py for tasks to queue
[2025-10-06T11:12:15.629+0000] {logging_mixin.py:188} INFO - [2025-10-06T11:12:15.629+0000] {dagbag.py:538} INFO - Filling up the DagBag from /opt/airflow/dags/coms_dags.py
[2025-10-06T11:12:15.668+0000] {processor.py:840} INFO - DAG(s) 'coms_end_to_end_etl' retrieved from /opt/airflow/dags/coms_dags.py
[2025-10-06T11:12:15.805+0000] {logging_mixin.py:188} INFO - [2025-10-06T11:12:15.805+0000] {dag.py:3036} INFO - Sync 1 DAGs
[2025-10-06T11:12:15.912+0000] {logging_mixin.py:188} INFO - [2025-10-06T11:12:15.912+0000] {dag.py:3823} INFO - Setting next_dagrun for coms_end_to_end_etl to 2025-10-06 00:00:00+00:00, run_after=2025-10-07 00:00:00+00:00
[2025-10-06T11:12:15.936+0000] {processor.py:183} INFO - Processing /opt/airflow/dags/coms_dags.py took 0.316 seconds
[2025-10-06T11:12:46.044+0000] {processor.py:161} INFO - Started process (PID=9061) to work on /opt/airflow/dags/coms_dags.py
[2025-10-06T11:12:46.046+0000] {processor.py:830} INFO - Processing file /opt/airflow/dags/coms_dags.py for tasks to queue
[2025-10-06T11:12:46.049+0000] {logging_mixin.py:188} INFO - [2025-10-06T11:12:46.048+0000] {dagbag.py:538} INFO - Filling up the DagBag from /opt/airflow/dags/coms_dags.py
[2025-10-06T11:12:46.080+0000] {processor.py:840} INFO - DAG(s) 'coms_end_to_end_etl' retrieved from /opt/airflow/dags/coms_dags.py
[2025-10-06T11:12:46.119+0000] {logging_mixin.py:188} INFO - [2025-10-06T11:12:46.119+0000] {dag.py:3036} INFO - Sync 1 DAGs
[2025-10-06T11:12:46.137+0000] {logging_mixin.py:188} INFO - [2025-10-06T11:12:46.137+0000] {dag.py:3823} INFO - Setting next_dagrun for coms_end_to_end_etl to 2025-10-06 00:00:00+00:00, run_after=2025-10-07 00:00:00+00:00
[2025-10-06T11:12:46.147+0000] {processor.py:183} INFO - Processing /opt/airflow/dags/coms_dags.py took 0.109 seconds
[2025-10-06T11:13:16.376+0000] {processor.py:161} INFO - Started process (PID=9069) to work on /opt/airflow/dags/coms_dags.py
[2025-10-06T11:13:16.377+0000] {processor.py:830} INFO - Processing file /opt/airflow/dags/coms_dags.py for tasks to queue
[2025-10-06T11:13:16.383+0000] {logging_mixin.py:188} INFO - [2025-10-06T11:13:16.382+0000] {dagbag.py:538} INFO - Filling up the DagBag from /opt/airflow/dags/coms_dags.py
[2025-10-06T11:13:16.429+0000] {processor.py:840} INFO - DAG(s) 'coms_end_to_end_etl' retrieved from /opt/airflow/dags/coms_dags.py
[2025-10-06T11:13:16.459+0000] {logging_mixin.py:188} INFO - [2025-10-06T11:13:16.459+0000] {dag.py:3036} INFO - Sync 1 DAGs
[2025-10-06T11:13:16.474+0000] {logging_mixin.py:188} INFO - [2025-10-06T11:13:16.474+0000] {dag.py:3823} INFO - Setting next_dagrun for coms_end_to_end_etl to 2025-10-06 00:00:00+00:00, run_after=2025-10-07 00:00:00+00:00
[2025-10-06T11:13:16.484+0000] {processor.py:183} INFO - Processing /opt/airflow/dags/coms_dags.py took 0.115 seconds
[2025-10-06T11:13:46.980+0000] {processor.py:161} INFO - Started process (PID=9077) to work on /opt/airflow/dags/coms_dags.py
[2025-10-06T11:13:46.981+0000] {processor.py:830} INFO - Processing file /opt/airflow/dags/coms_dags.py for tasks to queue
[2025-10-06T11:13:46.985+0000] {logging_mixin.py:188} INFO - [2025-10-06T11:13:46.985+0000] {dagbag.py:538} INFO - Filling up the DagBag from /opt/airflow/dags/coms_dags.py
[2025-10-06T11:13:47.059+0000] {processor.py:840} INFO - DAG(s) 'coms_end_to_end_etl' retrieved from /opt/airflow/dags/coms_dags.py
[2025-10-06T11:13:47.094+0000] {logging_mixin.py:188} INFO - [2025-10-06T11:13:47.094+0000] {dag.py:3036} INFO - Sync 1 DAGs
[2025-10-06T11:13:47.110+0000] {logging_mixin.py:188} INFO - [2025-10-06T11:13:47.110+0000] {dag.py:3823} INFO - Setting next_dagrun for coms_end_to_end_etl to 2025-10-06 00:00:00+00:00, run_after=2025-10-07 00:00:00+00:00
[2025-10-06T11:13:47.120+0000] {processor.py:183} INFO - Processing /opt/airflow/dags/coms_dags.py took 0.148 seconds
[2025-10-06T11:14:17.382+0000] {processor.py:161} INFO - Started process (PID=9085) to work on /opt/airflow/dags/coms_dags.py
[2025-10-06T11:14:17.385+0000] {processor.py:830} INFO - Processing file /opt/airflow/dags/coms_dags.py for tasks to queue
[2025-10-06T11:14:17.389+0000] {logging_mixin.py:188} INFO - [2025-10-06T11:14:17.388+0000] {dagbag.py:538} INFO - Filling up the DagBag from /opt/airflow/dags/coms_dags.py
[2025-10-06T11:14:17.420+0000] {processor.py:840} INFO - DAG(s) 'coms_end_to_end_etl' retrieved from /opt/airflow/dags/coms_dags.py
[2025-10-06T11:14:17.448+0000] {logging_mixin.py:188} INFO - [2025-10-06T11:14:17.448+0000] {dag.py:3036} INFO - Sync 1 DAGs
[2025-10-06T11:14:17.462+0000] {logging_mixin.py:188} INFO - [2025-10-06T11:14:17.462+0000] {dag.py:3823} INFO - Setting next_dagrun for coms_end_to_end_etl to 2025-10-06 00:00:00+00:00, run_after=2025-10-07 00:00:00+00:00
[2025-10-06T11:14:17.472+0000] {processor.py:183} INFO - Processing /opt/airflow/dags/coms_dags.py took 0.110 seconds
[2025-10-06T11:14:47.829+0000] {processor.py:161} INFO - Started process (PID=9093) to work on /opt/airflow/dags/coms_dags.py
[2025-10-06T11:14:47.831+0000] {processor.py:830} INFO - Processing file /opt/airflow/dags/coms_dags.py for tasks to queue
[2025-10-06T11:14:47.836+0000] {logging_mixin.py:188} INFO - [2025-10-06T11:14:47.835+0000] {dagbag.py:538} INFO - Filling up the DagBag from /opt/airflow/dags/coms_dags.py
[2025-10-06T11:14:47.890+0000] {processor.py:840} INFO - DAG(s) 'coms_end_to_end_etl' retrieved from /opt/airflow/dags/coms_dags.py
[2025-10-06T11:14:47.920+0000] {logging_mixin.py:188} INFO - [2025-10-06T11:14:47.920+0000] {dag.py:3036} INFO - Sync 1 DAGs
[2025-10-06T11:14:47.934+0000] {logging_mixin.py:188} INFO - [2025-10-06T11:14:47.934+0000] {dag.py:3823} INFO - Setting next_dagrun for coms_end_to_end_etl to 2025-10-06 00:00:00+00:00, run_after=2025-10-07 00:00:00+00:00
[2025-10-06T11:14:47.944+0000] {processor.py:183} INFO - Processing /opt/airflow/dags/coms_dags.py took 0.122 seconds
[2025-10-06T11:15:18.212+0000] {processor.py:161} INFO - Started process (PID=9101) to work on /opt/airflow/dags/coms_dags.py
[2025-10-06T11:15:18.213+0000] {processor.py:830} INFO - Processing file /opt/airflow/dags/coms_dags.py for tasks to queue
[2025-10-06T11:15:18.217+0000] {logging_mixin.py:188} INFO - [2025-10-06T11:15:18.216+0000] {dagbag.py:538} INFO - Filling up the DagBag from /opt/airflow/dags/coms_dags.py
[2025-10-06T11:15:18.256+0000] {processor.py:840} INFO - DAG(s) 'coms_end_to_end_etl' retrieved from /opt/airflow/dags/coms_dags.py
[2025-10-06T11:15:18.305+0000] {logging_mixin.py:188} INFO - [2025-10-06T11:15:18.305+0000] {dag.py:3036} INFO - Sync 1 DAGs
[2025-10-06T11:15:18.323+0000] {logging_mixin.py:188} INFO - [2025-10-06T11:15:18.323+0000] {dag.py:3823} INFO - Setting next_dagrun for coms_end_to_end_etl to 2025-10-06 00:00:00+00:00, run_after=2025-10-07 00:00:00+00:00
[2025-10-06T11:15:18.335+0000] {processor.py:183} INFO - Processing /opt/airflow/dags/coms_dags.py took 0.131 seconds
[2025-10-06T11:15:48.513+0000] {processor.py:161} INFO - Started process (PID=9109) to work on /opt/airflow/dags/coms_dags.py
[2025-10-06T11:15:48.514+0000] {processor.py:830} INFO - Processing file /opt/airflow/dags/coms_dags.py for tasks to queue
[2025-10-06T11:15:48.516+0000] {logging_mixin.py:188} INFO - [2025-10-06T11:15:48.516+0000] {dagbag.py:538} INFO - Filling up the DagBag from /opt/airflow/dags/coms_dags.py
[2025-10-06T11:15:48.554+0000] {processor.py:840} INFO - DAG(s) 'coms_end_to_end_etl' retrieved from /opt/airflow/dags/coms_dags.py
[2025-10-06T11:15:48.585+0000] {logging_mixin.py:188} INFO - [2025-10-06T11:15:48.584+0000] {dag.py:3036} INFO - Sync 1 DAGs
[2025-10-06T11:15:48.599+0000] {logging_mixin.py:188} INFO - [2025-10-06T11:15:48.599+0000] {dag.py:3823} INFO - Setting next_dagrun for coms_end_to_end_etl to 2025-10-06 00:00:00+00:00, run_after=2025-10-07 00:00:00+00:00
[2025-10-06T11:15:48.609+0000] {processor.py:183} INFO - Processing /opt/airflow/dags/coms_dags.py took 0.101 seconds
[2025-10-06T11:16:18.879+0000] {processor.py:161} INFO - Started process (PID=9118) to work on /opt/airflow/dags/coms_dags.py
[2025-10-06T11:16:18.880+0000] {processor.py:830} INFO - Processing file /opt/airflow/dags/coms_dags.py for tasks to queue
[2025-10-06T11:16:18.884+0000] {logging_mixin.py:188} INFO - [2025-10-06T11:16:18.884+0000] {dagbag.py:538} INFO - Filling up the DagBag from /opt/airflow/dags/coms_dags.py
[2025-10-06T11:16:18.932+0000] {processor.py:840} INFO - DAG(s) 'coms_end_to_end_etl' retrieved from /opt/airflow/dags/coms_dags.py
[2025-10-06T11:16:18.958+0000] {logging_mixin.py:188} INFO - [2025-10-06T11:16:18.958+0000] {dag.py:3036} INFO - Sync 1 DAGs
[2025-10-06T11:16:18.972+0000] {logging_mixin.py:188} INFO - [2025-10-06T11:16:18.972+0000] {dag.py:3823} INFO - Setting next_dagrun for coms_end_to_end_etl to 2025-10-06 00:00:00+00:00, run_after=2025-10-07 00:00:00+00:00
[2025-10-06T11:16:18.981+0000] {processor.py:183} INFO - Processing /opt/airflow/dags/coms_dags.py took 0.109 seconds
[2025-10-06T11:16:49.332+0000] {processor.py:161} INFO - Started process (PID=9126) to work on /opt/airflow/dags/coms_dags.py
[2025-10-06T11:16:49.334+0000] {processor.py:830} INFO - Processing file /opt/airflow/dags/coms_dags.py for tasks to queue
[2025-10-06T11:16:49.338+0000] {logging_mixin.py:188} INFO - [2025-10-06T11:16:49.338+0000] {dagbag.py:538} INFO - Filling up the DagBag from /opt/airflow/dags/coms_dags.py
[2025-10-06T11:16:49.391+0000] {processor.py:840} INFO - DAG(s) 'coms_end_to_end_etl' retrieved from /opt/airflow/dags/coms_dags.py
[2025-10-06T11:16:49.419+0000] {logging_mixin.py:188} INFO - [2025-10-06T11:16:49.419+0000] {dag.py:3036} INFO - Sync 1 DAGs
[2025-10-06T11:16:49.434+0000] {logging_mixin.py:188} INFO - [2025-10-06T11:16:49.433+0000] {dag.py:3823} INFO - Setting next_dagrun for coms_end_to_end_etl to 2025-10-06 00:00:00+00:00, run_after=2025-10-07 00:00:00+00:00
[2025-10-06T11:16:49.444+0000] {processor.py:183} INFO - Processing /opt/airflow/dags/coms_dags.py took 0.118 seconds
[2025-10-06T11:17:19.810+0000] {processor.py:161} INFO - Started process (PID=9134) to work on /opt/airflow/dags/coms_dags.py
[2025-10-06T11:17:19.811+0000] {processor.py:830} INFO - Processing file /opt/airflow/dags/coms_dags.py for tasks to queue
[2025-10-06T11:17:19.815+0000] {logging_mixin.py:188} INFO - [2025-10-06T11:17:19.815+0000] {dagbag.py:538} INFO - Filling up the DagBag from /opt/airflow/dags/coms_dags.py
[2025-10-06T11:17:19.860+0000] {processor.py:840} INFO - DAG(s) 'coms_end_to_end_etl' retrieved from /opt/airflow/dags/coms_dags.py
[2025-10-06T11:17:19.889+0000] {logging_mixin.py:188} INFO - [2025-10-06T11:17:19.889+0000] {dag.py:3036} INFO - Sync 1 DAGs
[2025-10-06T11:17:19.912+0000] {logging_mixin.py:188} INFO - [2025-10-06T11:17:19.912+0000] {dag.py:3823} INFO - Setting next_dagrun for coms_end_to_end_etl to 2025-10-06 00:00:00+00:00, run_after=2025-10-07 00:00:00+00:00
[2025-10-06T11:17:19.923+0000] {processor.py:183} INFO - Processing /opt/airflow/dags/coms_dags.py took 0.121 seconds
[2025-10-06T11:17:50.377+0000] {processor.py:161} INFO - Started process (PID=9142) to work on /opt/airflow/dags/coms_dags.py
[2025-10-06T11:17:50.379+0000] {processor.py:830} INFO - Processing file /opt/airflow/dags/coms_dags.py for tasks to queue
[2025-10-06T11:17:50.384+0000] {logging_mixin.py:188} INFO - [2025-10-06T11:17:50.383+0000] {dagbag.py:538} INFO - Filling up the DagBag from /opt/airflow/dags/coms_dags.py
[2025-10-06T11:17:50.416+0000] {processor.py:840} INFO - DAG(s) 'coms_end_to_end_etl' retrieved from /opt/airflow/dags/coms_dags.py
[2025-10-06T11:17:50.444+0000] {logging_mixin.py:188} INFO - [2025-10-06T11:17:50.444+0000] {dag.py:3036} INFO - Sync 1 DAGs
[2025-10-06T11:17:50.458+0000] {logging_mixin.py:188} INFO - [2025-10-06T11:17:50.458+0000] {dag.py:3823} INFO - Setting next_dagrun for coms_end_to_end_etl to 2025-10-06 00:00:00+00:00, run_after=2025-10-07 00:00:00+00:00
[2025-10-06T11:17:50.477+0000] {processor.py:183} INFO - Processing /opt/airflow/dags/coms_dags.py took 0.108 seconds
[2025-10-06T11:18:20.740+0000] {processor.py:161} INFO - Started process (PID=9150) to work on /opt/airflow/dags/coms_dags.py
[2025-10-06T11:18:20.743+0000] {processor.py:830} INFO - Processing file /opt/airflow/dags/coms_dags.py for tasks to queue
[2025-10-06T11:18:20.748+0000] {logging_mixin.py:188} INFO - [2025-10-06T11:18:20.747+0000] {dagbag.py:538} INFO - Filling up the DagBag from /opt/airflow/dags/coms_dags.py
[2025-10-06T11:18:20.796+0000] {processor.py:840} INFO - DAG(s) 'coms_end_to_end_etl' retrieved from /opt/airflow/dags/coms_dags.py
[2025-10-06T11:18:20.825+0000] {logging_mixin.py:188} INFO - [2025-10-06T11:18:20.825+0000] {dag.py:3036} INFO - Sync 1 DAGs
[2025-10-06T11:18:20.840+0000] {logging_mixin.py:188} INFO - [2025-10-06T11:18:20.840+0000] {dag.py:3823} INFO - Setting next_dagrun for coms_end_to_end_etl to 2025-10-06 00:00:00+00:00, run_after=2025-10-07 00:00:00+00:00
[2025-10-06T11:18:20.849+0000] {processor.py:183} INFO - Processing /opt/airflow/dags/coms_dags.py took 0.117 seconds
[2025-10-06T11:18:51.239+0000] {processor.py:161} INFO - Started process (PID=9158) to work on /opt/airflow/dags/coms_dags.py
[2025-10-06T11:18:51.240+0000] {processor.py:830} INFO - Processing file /opt/airflow/dags/coms_dags.py for tasks to queue
[2025-10-06T11:18:51.246+0000] {logging_mixin.py:188} INFO - [2025-10-06T11:18:51.245+0000] {dagbag.py:538} INFO - Filling up the DagBag from /opt/airflow/dags/coms_dags.py
[2025-10-06T11:18:51.279+0000] {processor.py:840} INFO - DAG(s) 'coms_end_to_end_etl' retrieved from /opt/airflow/dags/coms_dags.py
[2025-10-06T11:18:51.324+0000] {logging_mixin.py:188} INFO - [2025-10-06T11:18:51.324+0000] {dag.py:3036} INFO - Sync 1 DAGs
[2025-10-06T11:18:51.339+0000] {logging_mixin.py:188} INFO - [2025-10-06T11:18:51.339+0000] {dag.py:3823} INFO - Setting next_dagrun for coms_end_to_end_etl to 2025-10-06 00:00:00+00:00, run_after=2025-10-07 00:00:00+00:00
[2025-10-06T11:18:51.350+0000] {processor.py:183} INFO - Processing /opt/airflow/dags/coms_dags.py took 0.119 seconds
[2025-10-06T11:19:21.667+0000] {processor.py:161} INFO - Started process (PID=9166) to work on /opt/airflow/dags/coms_dags.py
[2025-10-06T11:19:21.668+0000] {processor.py:830} INFO - Processing file /opt/airflow/dags/coms_dags.py for tasks to queue
[2025-10-06T11:19:21.674+0000] {logging_mixin.py:188} INFO - [2025-10-06T11:19:21.673+0000] {dagbag.py:538} INFO - Filling up the DagBag from /opt/airflow/dags/coms_dags.py
[2025-10-06T11:19:21.729+0000] {processor.py:840} INFO - DAG(s) 'coms_end_to_end_etl' retrieved from /opt/airflow/dags/coms_dags.py
[2025-10-06T11:19:21.770+0000] {logging_mixin.py:188} INFO - [2025-10-06T11:19:21.770+0000] {dag.py:3036} INFO - Sync 1 DAGs
[2025-10-06T11:19:21.788+0000] {logging_mixin.py:188} INFO - [2025-10-06T11:19:21.788+0000] {dag.py:3823} INFO - Setting next_dagrun for coms_end_to_end_etl to 2025-10-06 00:00:00+00:00, run_after=2025-10-07 00:00:00+00:00
[2025-10-06T11:19:21.799+0000] {processor.py:183} INFO - Processing /opt/airflow/dags/coms_dags.py took 0.141 seconds
[2025-10-06T11:19:52.171+0000] {processor.py:161} INFO - Started process (PID=9174) to work on /opt/airflow/dags/coms_dags.py
[2025-10-06T11:19:52.173+0000] {processor.py:830} INFO - Processing file /opt/airflow/dags/coms_dags.py for tasks to queue
[2025-10-06T11:19:52.177+0000] {logging_mixin.py:188} INFO - [2025-10-06T11:19:52.177+0000] {dagbag.py:538} INFO - Filling up the DagBag from /opt/airflow/dags/coms_dags.py
[2025-10-06T11:19:52.207+0000] {processor.py:840} INFO - DAG(s) 'coms_end_to_end_etl' retrieved from /opt/airflow/dags/coms_dags.py
[2025-10-06T11:19:52.233+0000] {logging_mixin.py:188} INFO - [2025-10-06T11:19:52.233+0000] {dag.py:3036} INFO - Sync 1 DAGs
[2025-10-06T11:19:52.248+0000] {logging_mixin.py:188} INFO - [2025-10-06T11:19:52.247+0000] {dag.py:3823} INFO - Setting next_dagrun for coms_end_to_end_etl to 2025-10-06 00:00:00+00:00, run_after=2025-10-07 00:00:00+00:00
[2025-10-06T11:19:52.257+0000] {processor.py:183} INFO - Processing /opt/airflow/dags/coms_dags.py took 0.092 seconds
[2025-10-06T11:20:22.460+0000] {processor.py:161} INFO - Started process (PID=9182) to work on /opt/airflow/dags/coms_dags.py
[2025-10-06T11:20:22.462+0000] {processor.py:830} INFO - Processing file /opt/airflow/dags/coms_dags.py for tasks to queue
[2025-10-06T11:20:22.466+0000] {logging_mixin.py:188} INFO - [2025-10-06T11:20:22.466+0000] {dagbag.py:538} INFO - Filling up the DagBag from /opt/airflow/dags/coms_dags.py
[2025-10-06T11:20:22.505+0000] {processor.py:840} INFO - DAG(s) 'coms_end_to_end_etl' retrieved from /opt/airflow/dags/coms_dags.py
[2025-10-06T11:20:22.533+0000] {logging_mixin.py:188} INFO - [2025-10-06T11:20:22.533+0000] {dag.py:3036} INFO - Sync 1 DAGs
[2025-10-06T11:20:22.548+0000] {logging_mixin.py:188} INFO - [2025-10-06T11:20:22.548+0000] {dag.py:3823} INFO - Setting next_dagrun for coms_end_to_end_etl to 2025-10-06 00:00:00+00:00, run_after=2025-10-07 00:00:00+00:00
[2025-10-06T11:20:22.558+0000] {processor.py:183} INFO - Processing /opt/airflow/dags/coms_dags.py took 0.106 seconds
[2025-10-06T11:20:52.871+0000] {processor.py:161} INFO - Started process (PID=9190) to work on /opt/airflow/dags/coms_dags.py
[2025-10-06T11:20:52.873+0000] {processor.py:830} INFO - Processing file /opt/airflow/dags/coms_dags.py for tasks to queue
[2025-10-06T11:20:52.877+0000] {logging_mixin.py:188} INFO - [2025-10-06T11:20:52.876+0000] {dagbag.py:538} INFO - Filling up the DagBag from /opt/airflow/dags/coms_dags.py
[2025-10-06T11:20:52.907+0000] {processor.py:840} INFO - DAG(s) 'coms_end_to_end_etl' retrieved from /opt/airflow/dags/coms_dags.py
[2025-10-06T11:20:52.945+0000] {logging_mixin.py:188} INFO - [2025-10-06T11:20:52.945+0000] {dag.py:3036} INFO - Sync 1 DAGs
[2025-10-06T11:20:52.960+0000] {logging_mixin.py:188} INFO - [2025-10-06T11:20:52.960+0000] {dag.py:3823} INFO - Setting next_dagrun for coms_end_to_end_etl to 2025-10-06 00:00:00+00:00, run_after=2025-10-07 00:00:00+00:00
[2025-10-06T11:20:52.972+0000] {processor.py:183} INFO - Processing /opt/airflow/dags/coms_dags.py took 0.106 seconds
[2025-10-06T11:21:23.471+0000] {processor.py:161} INFO - Started process (PID=9198) to work on /opt/airflow/dags/coms_dags.py
[2025-10-06T11:21:23.473+0000] {processor.py:830} INFO - Processing file /opt/airflow/dags/coms_dags.py for tasks to queue
[2025-10-06T11:21:23.482+0000] {logging_mixin.py:188} INFO - [2025-10-06T11:21:23.480+0000] {dagbag.py:538} INFO - Filling up the DagBag from /opt/airflow/dags/coms_dags.py
[2025-10-06T11:21:23.517+0000] {processor.py:840} INFO - DAG(s) 'coms_end_to_end_etl' retrieved from /opt/airflow/dags/coms_dags.py
[2025-10-06T11:21:23.551+0000] {logging_mixin.py:188} INFO - [2025-10-06T11:21:23.551+0000] {dag.py:3036} INFO - Sync 1 DAGs
[2025-10-06T11:21:23.565+0000] {logging_mixin.py:188} INFO - [2025-10-06T11:21:23.565+0000] {dag.py:3823} INFO - Setting next_dagrun for coms_end_to_end_etl to 2025-10-06 00:00:00+00:00, run_after=2025-10-07 00:00:00+00:00
[2025-10-06T11:21:23.574+0000] {processor.py:183} INFO - Processing /opt/airflow/dags/coms_dags.py took 0.114 seconds
[2025-10-06T11:21:53.865+0000] {processor.py:161} INFO - Started process (PID=9206) to work on /opt/airflow/dags/coms_dags.py
[2025-10-06T11:21:53.871+0000] {processor.py:830} INFO - Processing file /opt/airflow/dags/coms_dags.py for tasks to queue
[2025-10-06T11:21:53.882+0000] {logging_mixin.py:188} INFO - [2025-10-06T11:21:53.882+0000] {dagbag.py:538} INFO - Filling up the DagBag from /opt/airflow/dags/coms_dags.py
[2025-10-06T11:21:53.911+0000] {processor.py:840} INFO - DAG(s) 'coms_end_to_end_etl' retrieved from /opt/airflow/dags/coms_dags.py
[2025-10-06T11:21:53.939+0000] {logging_mixin.py:188} INFO - [2025-10-06T11:21:53.939+0000] {dag.py:3036} INFO - Sync 1 DAGs
[2025-10-06T11:21:53.959+0000] {logging_mixin.py:188} INFO - [2025-10-06T11:21:53.958+0000] {dag.py:3823} INFO - Setting next_dagrun for coms_end_to_end_etl to 2025-10-06 00:00:00+00:00, run_after=2025-10-07 00:00:00+00:00
[2025-10-06T11:21:53.968+0000] {processor.py:183} INFO - Processing /opt/airflow/dags/coms_dags.py took 0.123 seconds
[2025-10-06T11:22:24.292+0000] {processor.py:161} INFO - Started process (PID=9214) to work on /opt/airflow/dags/coms_dags.py
[2025-10-06T11:22:24.295+0000] {processor.py:830} INFO - Processing file /opt/airflow/dags/coms_dags.py for tasks to queue
[2025-10-06T11:22:24.299+0000] {logging_mixin.py:188} INFO - [2025-10-06T11:22:24.298+0000] {dagbag.py:538} INFO - Filling up the DagBag from /opt/airflow/dags/coms_dags.py
[2025-10-06T11:22:24.326+0000] {processor.py:840} INFO - DAG(s) 'coms_end_to_end_etl' retrieved from /opt/airflow/dags/coms_dags.py
[2025-10-06T11:22:24.367+0000] {logging_mixin.py:188} INFO - [2025-10-06T11:22:24.366+0000] {dag.py:3036} INFO - Sync 1 DAGs
[2025-10-06T11:22:24.382+0000] {logging_mixin.py:188} INFO - [2025-10-06T11:22:24.381+0000] {dag.py:3823} INFO - Setting next_dagrun for coms_end_to_end_etl to 2025-10-06 00:00:00+00:00, run_after=2025-10-07 00:00:00+00:00
[2025-10-06T11:22:24.392+0000] {processor.py:183} INFO - Processing /opt/airflow/dags/coms_dags.py took 0.122 seconds
[2025-10-06T11:22:54.683+0000] {processor.py:161} INFO - Started process (PID=9222) to work on /opt/airflow/dags/coms_dags.py
[2025-10-06T11:22:54.686+0000] {processor.py:830} INFO - Processing file /opt/airflow/dags/coms_dags.py for tasks to queue
[2025-10-06T11:22:54.690+0000] {logging_mixin.py:188} INFO - [2025-10-06T11:22:54.689+0000] {dagbag.py:538} INFO - Filling up the DagBag from /opt/airflow/dags/coms_dags.py
[2025-10-06T11:22:54.739+0000] {processor.py:840} INFO - DAG(s) 'coms_end_to_end_etl' retrieved from /opt/airflow/dags/coms_dags.py
[2025-10-06T11:22:54.767+0000] {logging_mixin.py:188} INFO - [2025-10-06T11:22:54.767+0000] {dag.py:3036} INFO - Sync 1 DAGs
[2025-10-06T11:22:54.782+0000] {logging_mixin.py:188} INFO - [2025-10-06T11:22:54.781+0000] {dag.py:3823} INFO - Setting next_dagrun for coms_end_to_end_etl to 2025-10-06 00:00:00+00:00, run_after=2025-10-07 00:00:00+00:00
[2025-10-06T11:22:54.791+0000] {processor.py:183} INFO - Processing /opt/airflow/dags/coms_dags.py took 0.114 seconds
[2025-10-06T11:23:25.024+0000] {processor.py:161} INFO - Started process (PID=9230) to work on /opt/airflow/dags/coms_dags.py
[2025-10-06T11:23:25.026+0000] {processor.py:830} INFO - Processing file /opt/airflow/dags/coms_dags.py for tasks to queue
[2025-10-06T11:23:25.037+0000] {logging_mixin.py:188} INFO - [2025-10-06T11:23:25.036+0000] {dagbag.py:538} INFO - Filling up the DagBag from /opt/airflow/dags/coms_dags.py
[2025-10-06T11:23:25.080+0000] {processor.py:840} INFO - DAG(s) 'coms_end_to_end_etl' retrieved from /opt/airflow/dags/coms_dags.py
[2025-10-06T11:23:25.121+0000] {logging_mixin.py:188} INFO - [2025-10-06T11:23:25.121+0000] {dag.py:3036} INFO - Sync 1 DAGs
[2025-10-06T11:23:25.137+0000] {logging_mixin.py:188} INFO - [2025-10-06T11:23:25.137+0000] {dag.py:3823} INFO - Setting next_dagrun for coms_end_to_end_etl to 2025-10-06 00:00:00+00:00, run_after=2025-10-07 00:00:00+00:00
[2025-10-06T11:23:25.187+0000] {processor.py:183} INFO - Processing /opt/airflow/dags/coms_dags.py took 0.171 seconds
[2025-10-06T11:23:55.504+0000] {processor.py:161} INFO - Started process (PID=9238) to work on /opt/airflow/dags/coms_dags.py
[2025-10-06T11:23:55.507+0000] {processor.py:830} INFO - Processing file /opt/airflow/dags/coms_dags.py for tasks to queue
[2025-10-06T11:23:55.527+0000] {logging_mixin.py:188} INFO - [2025-10-06T11:23:55.526+0000] {dagbag.py:538} INFO - Filling up the DagBag from /opt/airflow/dags/coms_dags.py
[2025-10-06T11:23:55.568+0000] {processor.py:840} INFO - DAG(s) 'coms_end_to_end_etl' retrieved from /opt/airflow/dags/coms_dags.py
[2025-10-06T11:23:55.610+0000] {logging_mixin.py:188} INFO - [2025-10-06T11:23:55.610+0000] {dag.py:3036} INFO - Sync 1 DAGs
[2025-10-06T11:23:55.625+0000] {logging_mixin.py:188} INFO - [2025-10-06T11:23:55.625+0000] {dag.py:3823} INFO - Setting next_dagrun for coms_end_to_end_etl to 2025-10-06 00:00:00+00:00, run_after=2025-10-07 00:00:00+00:00
[2025-10-06T11:23:55.635+0000] {processor.py:183} INFO - Processing /opt/airflow/dags/coms_dags.py took 0.139 seconds
[2025-10-06T11:24:25.862+0000] {processor.py:161} INFO - Started process (PID=9246) to work on /opt/airflow/dags/coms_dags.py
[2025-10-06T11:24:25.864+0000] {processor.py:830} INFO - Processing file /opt/airflow/dags/coms_dags.py for tasks to queue
[2025-10-06T11:24:25.869+0000] {logging_mixin.py:188} INFO - [2025-10-06T11:24:25.869+0000] {dagbag.py:538} INFO - Filling up the DagBag from /opt/airflow/dags/coms_dags.py
[2025-10-06T11:24:25.900+0000] {processor.py:840} INFO - DAG(s) 'coms_end_to_end_etl' retrieved from /opt/airflow/dags/coms_dags.py
[2025-10-06T11:24:25.928+0000] {logging_mixin.py:188} INFO - [2025-10-06T11:24:25.928+0000] {dag.py:3036} INFO - Sync 1 DAGs
[2025-10-06T11:24:25.955+0000] {logging_mixin.py:188} INFO - [2025-10-06T11:24:25.954+0000] {dag.py:3823} INFO - Setting next_dagrun for coms_end_to_end_etl to 2025-10-06 00:00:00+00:00, run_after=2025-10-07 00:00:00+00:00
[2025-10-06T11:24:25.976+0000] {processor.py:183} INFO - Processing /opt/airflow/dags/coms_dags.py took 0.122 seconds
[2025-10-06T11:24:56.247+0000] {processor.py:161} INFO - Started process (PID=9254) to work on /opt/airflow/dags/coms_dags.py
[2025-10-06T11:24:56.250+0000] {processor.py:830} INFO - Processing file /opt/airflow/dags/coms_dags.py for tasks to queue
[2025-10-06T11:24:56.254+0000] {logging_mixin.py:188} INFO - [2025-10-06T11:24:56.254+0000] {dagbag.py:538} INFO - Filling up the DagBag from /opt/airflow/dags/coms_dags.py
[2025-10-06T11:24:56.305+0000] {processor.py:840} INFO - DAG(s) 'coms_end_to_end_etl' retrieved from /opt/airflow/dags/coms_dags.py
[2025-10-06T11:24:56.337+0000] {logging_mixin.py:188} INFO - [2025-10-06T11:24:56.337+0000] {dag.py:3036} INFO - Sync 1 DAGs
[2025-10-06T11:24:56.351+0000] {logging_mixin.py:188} INFO - [2025-10-06T11:24:56.351+0000] {dag.py:3823} INFO - Setting next_dagrun for coms_end_to_end_etl to 2025-10-06 00:00:00+00:00, run_after=2025-10-07 00:00:00+00:00
[2025-10-06T11:24:56.360+0000] {processor.py:183} INFO - Processing /opt/airflow/dags/coms_dags.py took 0.122 seconds
[2025-10-06T11:25:26.620+0000] {processor.py:161} INFO - Started process (PID=9262) to work on /opt/airflow/dags/coms_dags.py
[2025-10-06T11:25:26.623+0000] {processor.py:830} INFO - Processing file /opt/airflow/dags/coms_dags.py for tasks to queue
[2025-10-06T11:25:26.627+0000] {logging_mixin.py:188} INFO - [2025-10-06T11:25:26.626+0000] {dagbag.py:538} INFO - Filling up the DagBag from /opt/airflow/dags/coms_dags.py
[2025-10-06T11:25:26.670+0000] {processor.py:840} INFO - DAG(s) 'coms_end_to_end_etl' retrieved from /opt/airflow/dags/coms_dags.py
[2025-10-06T11:25:26.713+0000] {logging_mixin.py:188} INFO - [2025-10-06T11:25:26.713+0000] {dag.py:3036} INFO - Sync 1 DAGs
[2025-10-06T11:25:26.727+0000] {logging_mixin.py:188} INFO - [2025-10-06T11:25:26.727+0000] {dag.py:3823} INFO - Setting next_dagrun for coms_end_to_end_etl to 2025-10-06 00:00:00+00:00, run_after=2025-10-07 00:00:00+00:00
[2025-10-06T11:25:26.737+0000] {processor.py:183} INFO - Processing /opt/airflow/dags/coms_dags.py took 0.124 seconds
[2025-10-06T11:25:57.060+0000] {processor.py:161} INFO - Started process (PID=9270) to work on /opt/airflow/dags/coms_dags.py
[2025-10-06T11:25:57.062+0000] {processor.py:830} INFO - Processing file /opt/airflow/dags/coms_dags.py for tasks to queue
[2025-10-06T11:25:57.066+0000] {logging_mixin.py:188} INFO - [2025-10-06T11:25:57.066+0000] {dagbag.py:538} INFO - Filling up the DagBag from /opt/airflow/dags/coms_dags.py
[2025-10-06T11:25:57.126+0000] {processor.py:840} INFO - DAG(s) 'coms_end_to_end_etl' retrieved from /opt/airflow/dags/coms_dags.py
[2025-10-06T11:25:57.156+0000] {logging_mixin.py:188} INFO - [2025-10-06T11:25:57.156+0000] {dag.py:3036} INFO - Sync 1 DAGs
[2025-10-06T11:25:57.171+0000] {logging_mixin.py:188} INFO - [2025-10-06T11:25:57.171+0000] {dag.py:3823} INFO - Setting next_dagrun for coms_end_to_end_etl to 2025-10-06 00:00:00+00:00, run_after=2025-10-07 00:00:00+00:00
[2025-10-06T11:25:57.181+0000] {processor.py:183} INFO - Processing /opt/airflow/dags/coms_dags.py took 0.129 seconds
[2025-10-06T11:26:27.403+0000] {processor.py:161} INFO - Started process (PID=9278) to work on /opt/airflow/dags/coms_dags.py
[2025-10-06T11:26:27.405+0000] {processor.py:830} INFO - Processing file /opt/airflow/dags/coms_dags.py for tasks to queue
[2025-10-06T11:26:27.410+0000] {logging_mixin.py:188} INFO - [2025-10-06T11:26:27.409+0000] {dagbag.py:538} INFO - Filling up the DagBag from /opt/airflow/dags/coms_dags.py
[2025-10-06T11:26:27.470+0000] {processor.py:840} INFO - DAG(s) 'coms_end_to_end_etl' retrieved from /opt/airflow/dags/coms_dags.py
[2025-10-06T11:26:27.503+0000] {logging_mixin.py:188} INFO - [2025-10-06T11:26:27.503+0000] {dag.py:3036} INFO - Sync 1 DAGs
[2025-10-06T11:26:27.518+0000] {logging_mixin.py:188} INFO - [2025-10-06T11:26:27.518+0000] {dag.py:3823} INFO - Setting next_dagrun for coms_end_to_end_etl to 2025-10-06 00:00:00+00:00, run_after=2025-10-07 00:00:00+00:00
[2025-10-06T11:26:27.528+0000] {processor.py:183} INFO - Processing /opt/airflow/dags/coms_dags.py took 0.133 seconds
[2025-10-06T11:26:57.827+0000] {processor.py:161} INFO - Started process (PID=9286) to work on /opt/airflow/dags/coms_dags.py
[2025-10-06T11:26:57.830+0000] {processor.py:830} INFO - Processing file /opt/airflow/dags/coms_dags.py for tasks to queue
[2025-10-06T11:26:57.834+0000] {logging_mixin.py:188} INFO - [2025-10-06T11:26:57.834+0000] {dagbag.py:538} INFO - Filling up the DagBag from /opt/airflow/dags/coms_dags.py
[2025-10-06T11:26:57.894+0000] {processor.py:840} INFO - DAG(s) 'coms_end_to_end_etl' retrieved from /opt/airflow/dags/coms_dags.py
[2025-10-06T11:26:57.923+0000] {logging_mixin.py:188} INFO - [2025-10-06T11:26:57.923+0000] {dag.py:3036} INFO - Sync 1 DAGs
[2025-10-06T11:26:57.951+0000] {logging_mixin.py:188} INFO - [2025-10-06T11:26:57.950+0000] {dag.py:3823} INFO - Setting next_dagrun for coms_end_to_end_etl to 2025-10-06 00:00:00+00:00, run_after=2025-10-07 00:00:00+00:00
[2025-10-06T11:26:57.961+0000] {processor.py:183} INFO - Processing /opt/airflow/dags/coms_dags.py took 0.141 seconds
[2025-10-06T11:27:28.194+0000] {processor.py:161} INFO - Started process (PID=9294) to work on /opt/airflow/dags/coms_dags.py
[2025-10-06T11:27:28.197+0000] {processor.py:830} INFO - Processing file /opt/airflow/dags/coms_dags.py for tasks to queue
[2025-10-06T11:27:28.213+0000] {logging_mixin.py:188} INFO - [2025-10-06T11:27:28.210+0000] {dagbag.py:538} INFO - Filling up the DagBag from /opt/airflow/dags/coms_dags.py
[2025-10-06T11:27:28.259+0000] {processor.py:840} INFO - DAG(s) 'coms_end_to_end_etl' retrieved from /opt/airflow/dags/coms_dags.py
[2025-10-06T11:27:28.288+0000] {logging_mixin.py:188} INFO - [2025-10-06T11:27:28.288+0000] {dag.py:3036} INFO - Sync 1 DAGs
[2025-10-06T11:27:28.303+0000] {logging_mixin.py:188} INFO - [2025-10-06T11:27:28.303+0000] {dag.py:3823} INFO - Setting next_dagrun for coms_end_to_end_etl to 2025-10-06 00:00:00+00:00, run_after=2025-10-07 00:00:00+00:00
[2025-10-06T11:27:28.312+0000] {processor.py:183} INFO - Processing /opt/airflow/dags/coms_dags.py took 0.125 seconds
[2025-10-06T11:27:58.591+0000] {processor.py:161} INFO - Started process (PID=9302) to work on /opt/airflow/dags/coms_dags.py
[2025-10-06T11:27:58.593+0000] {processor.py:830} INFO - Processing file /opt/airflow/dags/coms_dags.py for tasks to queue
[2025-10-06T11:27:58.597+0000] {logging_mixin.py:188} INFO - [2025-10-06T11:27:58.596+0000] {dagbag.py:538} INFO - Filling up the DagBag from /opt/airflow/dags/coms_dags.py
[2025-10-06T11:27:58.642+0000] {processor.py:840} INFO - DAG(s) 'coms_end_to_end_etl' retrieved from /opt/airflow/dags/coms_dags.py
[2025-10-06T11:27:58.668+0000] {logging_mixin.py:188} INFO - [2025-10-06T11:27:58.668+0000] {dag.py:3036} INFO - Sync 1 DAGs
[2025-10-06T11:27:58.681+0000] {logging_mixin.py:188} INFO - [2025-10-06T11:27:58.681+0000] {dag.py:3823} INFO - Setting next_dagrun for coms_end_to_end_etl to 2025-10-06 00:00:00+00:00, run_after=2025-10-07 00:00:00+00:00
[2025-10-06T11:27:58.689+0000] {processor.py:183} INFO - Processing /opt/airflow/dags/coms_dags.py took 0.105 seconds
[2025-10-06T11:28:29.009+0000] {processor.py:161} INFO - Started process (PID=9310) to work on /opt/airflow/dags/coms_dags.py
[2025-10-06T11:28:29.012+0000] {processor.py:830} INFO - Processing file /opt/airflow/dags/coms_dags.py for tasks to queue
[2025-10-06T11:28:29.021+0000] {logging_mixin.py:188} INFO - [2025-10-06T11:28:29.019+0000] {dagbag.py:538} INFO - Filling up the DagBag from /opt/airflow/dags/coms_dags.py
[2025-10-06T11:28:29.054+0000] {processor.py:840} INFO - DAG(s) 'coms_end_to_end_etl' retrieved from /opt/airflow/dags/coms_dags.py
[2025-10-06T11:28:29.083+0000] {logging_mixin.py:188} INFO - [2025-10-06T11:28:29.083+0000] {dag.py:3036} INFO - Sync 1 DAGs
[2025-10-06T11:28:29.098+0000] {logging_mixin.py:188} INFO - [2025-10-06T11:28:29.098+0000] {dag.py:3823} INFO - Setting next_dagrun for coms_end_to_end_etl to 2025-10-06 00:00:00+00:00, run_after=2025-10-07 00:00:00+00:00
[2025-10-06T11:28:29.120+0000] {processor.py:183} INFO - Processing /opt/airflow/dags/coms_dags.py took 0.134 seconds
[2025-10-06T11:28:59.430+0000] {processor.py:161} INFO - Started process (PID=9318) to work on /opt/airflow/dags/coms_dags.py
[2025-10-06T11:28:59.432+0000] {processor.py:830} INFO - Processing file /opt/airflow/dags/coms_dags.py for tasks to queue
[2025-10-06T11:28:59.435+0000] {logging_mixin.py:188} INFO - [2025-10-06T11:28:59.435+0000] {dagbag.py:538} INFO - Filling up the DagBag from /opt/airflow/dags/coms_dags.py
[2025-10-06T11:28:59.470+0000] {processor.py:840} INFO - DAG(s) 'coms_end_to_end_etl' retrieved from /opt/airflow/dags/coms_dags.py
[2025-10-06T11:28:59.513+0000] {logging_mixin.py:188} INFO - [2025-10-06T11:28:59.512+0000] {dag.py:3036} INFO - Sync 1 DAGs
[2025-10-06T11:28:59.528+0000] {logging_mixin.py:188} INFO - [2025-10-06T11:28:59.528+0000] {dag.py:3823} INFO - Setting next_dagrun for coms_end_to_end_etl to 2025-10-06 00:00:00+00:00, run_after=2025-10-07 00:00:00+00:00
[2025-10-06T11:28:59.539+0000] {processor.py:183} INFO - Processing /opt/airflow/dags/coms_dags.py took 0.117 seconds
[2025-10-06T11:31:23.414+0000] {processor.py:161} INFO - Started process (PID=9319) to work on /opt/airflow/dags/coms_dags.py
[2025-10-06T11:31:23.415+0000] {processor.py:830} INFO - Processing file /opt/airflow/dags/coms_dags.py for tasks to queue
[2025-10-06T11:31:23.422+0000] {logging_mixin.py:188} INFO - [2025-10-06T11:31:23.420+0000] {dagbag.py:538} INFO - Filling up the DagBag from /opt/airflow/dags/coms_dags.py
[2025-10-06T11:31:23.487+0000] {processor.py:840} INFO - DAG(s) 'coms_end_to_end_etl' retrieved from /opt/airflow/dags/coms_dags.py
[2025-10-06T11:31:23.658+0000] {logging_mixin.py:188} INFO - [2025-10-06T11:31:23.657+0000] {dag.py:3036} INFO - Sync 1 DAGs
[2025-10-06T11:31:23.739+0000] {logging_mixin.py:188} INFO - [2025-10-06T11:31:23.739+0000] {dag.py:3823} INFO - Setting next_dagrun for coms_end_to_end_etl to 2025-10-06 00:00:00+00:00, run_after=2025-10-07 00:00:00+00:00
[2025-10-06T11:31:23.769+0000] {processor.py:183} INFO - Processing /opt/airflow/dags/coms_dags.py took 0.361 seconds
[2025-10-06T11:31:54.119+0000] {processor.py:161} INFO - Started process (PID=9327) to work on /opt/airflow/dags/coms_dags.py
[2025-10-06T11:31:54.122+0000] {processor.py:830} INFO - Processing file /opt/airflow/dags/coms_dags.py for tasks to queue
[2025-10-06T11:31:54.127+0000] {logging_mixin.py:188} INFO - [2025-10-06T11:31:54.126+0000] {dagbag.py:538} INFO - Filling up the DagBag from /opt/airflow/dags/coms_dags.py
[2025-10-06T11:31:54.193+0000] {processor.py:840} INFO - DAG(s) 'coms_end_to_end_etl' retrieved from /opt/airflow/dags/coms_dags.py
[2025-10-06T11:31:54.229+0000] {logging_mixin.py:188} INFO - [2025-10-06T11:31:54.229+0000] {dag.py:3036} INFO - Sync 1 DAGs
[2025-10-06T11:31:54.246+0000] {logging_mixin.py:188} INFO - [2025-10-06T11:31:54.246+0000] {dag.py:3823} INFO - Setting next_dagrun for coms_end_to_end_etl to 2025-10-06 00:00:00+00:00, run_after=2025-10-07 00:00:00+00:00
[2025-10-06T11:31:54.257+0000] {processor.py:183} INFO - Processing /opt/airflow/dags/coms_dags.py took 0.150 seconds
[2025-10-06T11:32:24.473+0000] {processor.py:161} INFO - Started process (PID=9335) to work on /opt/airflow/dags/coms_dags.py
[2025-10-06T11:32:24.476+0000] {processor.py:830} INFO - Processing file /opt/airflow/dags/coms_dags.py for tasks to queue
[2025-10-06T11:32:24.480+0000] {logging_mixin.py:188} INFO - [2025-10-06T11:32:24.479+0000] {dagbag.py:538} INFO - Filling up the DagBag from /opt/airflow/dags/coms_dags.py
[2025-10-06T11:32:24.540+0000] {processor.py:840} INFO - DAG(s) 'coms_end_to_end_etl' retrieved from /opt/airflow/dags/coms_dags.py
[2025-10-06T11:32:24.587+0000] {logging_mixin.py:188} INFO - [2025-10-06T11:32:24.587+0000] {dag.py:3036} INFO - Sync 1 DAGs
[2025-10-06T11:32:24.605+0000] {logging_mixin.py:188} INFO - [2025-10-06T11:32:24.605+0000] {dag.py:3823} INFO - Setting next_dagrun for coms_end_to_end_etl to 2025-10-06 00:00:00+00:00, run_after=2025-10-07 00:00:00+00:00
[2025-10-06T11:32:24.616+0000] {processor.py:183} INFO - Processing /opt/airflow/dags/coms_dags.py took 0.151 seconds
[2025-10-06T11:32:54.878+0000] {processor.py:161} INFO - Started process (PID=9343) to work on /opt/airflow/dags/coms_dags.py
[2025-10-06T11:32:54.881+0000] {processor.py:830} INFO - Processing file /opt/airflow/dags/coms_dags.py for tasks to queue
[2025-10-06T11:32:54.886+0000] {logging_mixin.py:188} INFO - [2025-10-06T11:32:54.886+0000] {dagbag.py:538} INFO - Filling up the DagBag from /opt/airflow/dags/coms_dags.py
[2025-10-06T11:32:54.941+0000] {processor.py:840} INFO - DAG(s) 'coms_end_to_end_etl' retrieved from /opt/airflow/dags/coms_dags.py
[2025-10-06T11:32:54.975+0000] {logging_mixin.py:188} INFO - [2025-10-06T11:32:54.975+0000] {dag.py:3036} INFO - Sync 1 DAGs
[2025-10-06T11:32:54.992+0000] {logging_mixin.py:188} INFO - [2025-10-06T11:32:54.992+0000] {dag.py:3823} INFO - Setting next_dagrun for coms_end_to_end_etl to 2025-10-06 00:00:00+00:00, run_after=2025-10-07 00:00:00+00:00
[2025-10-06T11:32:55.004+0000] {processor.py:183} INFO - Processing /opt/airflow/dags/coms_dags.py took 0.133 seconds
[2025-10-06T11:33:25.244+0000] {processor.py:161} INFO - Started process (PID=9351) to work on /opt/airflow/dags/coms_dags.py
[2025-10-06T11:33:25.250+0000] {processor.py:830} INFO - Processing file /opt/airflow/dags/coms_dags.py for tasks to queue
[2025-10-06T11:33:25.268+0000] {logging_mixin.py:188} INFO - [2025-10-06T11:33:25.268+0000] {dagbag.py:538} INFO - Filling up the DagBag from /opt/airflow/dags/coms_dags.py
[2025-10-06T11:33:25.299+0000] {processor.py:840} INFO - DAG(s) 'coms_end_to_end_etl' retrieved from /opt/airflow/dags/coms_dags.py
[2025-10-06T11:33:25.327+0000] {logging_mixin.py:188} INFO - [2025-10-06T11:33:25.327+0000] {dag.py:3036} INFO - Sync 1 DAGs
[2025-10-06T11:33:25.350+0000] {logging_mixin.py:188} INFO - [2025-10-06T11:33:25.350+0000] {dag.py:3823} INFO - Setting next_dagrun for coms_end_to_end_etl to 2025-10-06 00:00:00+00:00, run_after=2025-10-07 00:00:00+00:00
[2025-10-06T11:33:25.361+0000] {processor.py:183} INFO - Processing /opt/airflow/dags/coms_dags.py took 0.141 seconds
[2025-10-06T11:33:55.704+0000] {processor.py:161} INFO - Started process (PID=9359) to work on /opt/airflow/dags/coms_dags.py
[2025-10-06T11:33:55.707+0000] {processor.py:830} INFO - Processing file /opt/airflow/dags/coms_dags.py for tasks to queue
[2025-10-06T11:33:55.711+0000] {logging_mixin.py:188} INFO - [2025-10-06T11:33:55.710+0000] {dagbag.py:538} INFO - Filling up the DagBag from /opt/airflow/dags/coms_dags.py
[2025-10-06T11:33:55.771+0000] {processor.py:840} INFO - DAG(s) 'coms_end_to_end_etl' retrieved from /opt/airflow/dags/coms_dags.py
[2025-10-06T11:33:55.821+0000] {logging_mixin.py:188} INFO - [2025-10-06T11:33:55.820+0000] {dag.py:3036} INFO - Sync 1 DAGs
[2025-10-06T11:33:55.840+0000] {logging_mixin.py:188} INFO - [2025-10-06T11:33:55.840+0000] {dag.py:3823} INFO - Setting next_dagrun for coms_end_to_end_etl to 2025-10-06 00:00:00+00:00, run_after=2025-10-07 00:00:00+00:00
[2025-10-06T11:33:55.853+0000] {processor.py:183} INFO - Processing /opt/airflow/dags/coms_dags.py took 0.157 seconds
[2025-10-06T11:34:26.104+0000] {processor.py:161} INFO - Started process (PID=9367) to work on /opt/airflow/dags/coms_dags.py
[2025-10-06T11:34:26.107+0000] {processor.py:830} INFO - Processing file /opt/airflow/dags/coms_dags.py for tasks to queue
[2025-10-06T11:34:26.112+0000] {logging_mixin.py:188} INFO - [2025-10-06T11:34:26.111+0000] {dagbag.py:538} INFO - Filling up the DagBag from /opt/airflow/dags/coms_dags.py
[2025-10-06T11:34:26.143+0000] {processor.py:840} INFO - DAG(s) 'coms_end_to_end_etl' retrieved from /opt/airflow/dags/coms_dags.py
[2025-10-06T11:34:26.188+0000] {logging_mixin.py:188} INFO - [2025-10-06T11:34:26.187+0000] {dag.py:3036} INFO - Sync 1 DAGs
[2025-10-06T11:34:26.203+0000] {logging_mixin.py:188} INFO - [2025-10-06T11:34:26.203+0000] {dag.py:3823} INFO - Setting next_dagrun for coms_end_to_end_etl to 2025-10-06 00:00:00+00:00, run_after=2025-10-07 00:00:00+00:00
[2025-10-06T11:34:26.214+0000] {processor.py:183} INFO - Processing /opt/airflow/dags/coms_dags.py took 0.129 seconds
[2025-10-06T11:34:56.472+0000] {processor.py:161} INFO - Started process (PID=9375) to work on /opt/airflow/dags/coms_dags.py
[2025-10-06T11:34:56.474+0000] {processor.py:830} INFO - Processing file /opt/airflow/dags/coms_dags.py for tasks to queue
[2025-10-06T11:34:56.479+0000] {logging_mixin.py:188} INFO - [2025-10-06T11:34:56.478+0000] {dagbag.py:538} INFO - Filling up the DagBag from /opt/airflow/dags/coms_dags.py
[2025-10-06T11:34:56.514+0000] {processor.py:840} INFO - DAG(s) 'coms_end_to_end_etl' retrieved from /opt/airflow/dags/coms_dags.py
[2025-10-06T11:34:56.548+0000] {logging_mixin.py:188} INFO - [2025-10-06T11:34:56.548+0000] {dag.py:3036} INFO - Sync 1 DAGs
[2025-10-06T11:34:56.576+0000] {logging_mixin.py:188} INFO - [2025-10-06T11:34:56.575+0000] {dag.py:3823} INFO - Setting next_dagrun for coms_end_to_end_etl to 2025-10-06 00:00:00+00:00, run_after=2025-10-07 00:00:00+00:00
[2025-10-06T11:34:56.594+0000] {processor.py:183} INFO - Processing /opt/airflow/dags/coms_dags.py took 0.130 seconds
[2025-10-06T11:35:26.800+0000] {processor.py:161} INFO - Started process (PID=9383) to work on /opt/airflow/dags/coms_dags.py
[2025-10-06T11:35:26.804+0000] {processor.py:830} INFO - Processing file /opt/airflow/dags/coms_dags.py for tasks to queue
[2025-10-06T11:35:26.810+0000] {logging_mixin.py:188} INFO - [2025-10-06T11:35:26.809+0000] {dagbag.py:538} INFO - Filling up the DagBag from /opt/airflow/dags/coms_dags.py
[2025-10-06T11:35:26.841+0000] {processor.py:840} INFO - DAG(s) 'coms_end_to_end_etl' retrieved from /opt/airflow/dags/coms_dags.py
[2025-10-06T11:35:26.891+0000] {logging_mixin.py:188} INFO - [2025-10-06T11:35:26.891+0000] {dag.py:3036} INFO - Sync 1 DAGs
[2025-10-06T11:35:26.908+0000] {logging_mixin.py:188} INFO - [2025-10-06T11:35:26.907+0000] {dag.py:3823} INFO - Setting next_dagrun for coms_end_to_end_etl to 2025-10-06 00:00:00+00:00, run_after=2025-10-07 00:00:00+00:00
[2025-10-06T11:35:26.918+0000] {processor.py:183} INFO - Processing /opt/airflow/dags/coms_dags.py took 0.140 seconds
[2025-10-06T11:35:57.210+0000] {processor.py:161} INFO - Started process (PID=9391) to work on /opt/airflow/dags/coms_dags.py
[2025-10-06T11:35:57.212+0000] {processor.py:830} INFO - Processing file /opt/airflow/dags/coms_dags.py for tasks to queue
[2025-10-06T11:35:57.224+0000] {logging_mixin.py:188} INFO - [2025-10-06T11:35:57.222+0000] {dagbag.py:538} INFO - Filling up the DagBag from /opt/airflow/dags/coms_dags.py
[2025-10-06T11:35:57.282+0000] {processor.py:840} INFO - DAG(s) 'coms_end_to_end_etl' retrieved from /opt/airflow/dags/coms_dags.py
[2025-10-06T11:35:57.323+0000] {logging_mixin.py:188} INFO - [2025-10-06T11:35:57.323+0000] {dag.py:3036} INFO - Sync 1 DAGs
[2025-10-06T11:35:57.342+0000] {logging_mixin.py:188} INFO - [2025-10-06T11:35:57.341+0000] {dag.py:3823} INFO - Setting next_dagrun for coms_end_to_end_etl to 2025-10-06 00:00:00+00:00, run_after=2025-10-07 00:00:00+00:00
[2025-10-06T11:35:57.352+0000] {processor.py:183} INFO - Processing /opt/airflow/dags/coms_dags.py took 0.149 seconds
[2025-10-06T11:36:27.648+0000] {processor.py:161} INFO - Started process (PID=9399) to work on /opt/airflow/dags/coms_dags.py
[2025-10-06T11:36:27.650+0000] {processor.py:830} INFO - Processing file /opt/airflow/dags/coms_dags.py for tasks to queue
[2025-10-06T11:36:27.656+0000] {logging_mixin.py:188} INFO - [2025-10-06T11:36:27.655+0000] {dagbag.py:538} INFO - Filling up the DagBag from /opt/airflow/dags/coms_dags.py
[2025-10-06T11:36:27.709+0000] {processor.py:840} INFO - DAG(s) 'coms_end_to_end_etl' retrieved from /opt/airflow/dags/coms_dags.py
[2025-10-06T11:36:27.742+0000] {logging_mixin.py:188} INFO - [2025-10-06T11:36:27.742+0000] {dag.py:3036} INFO - Sync 1 DAGs
[2025-10-06T11:36:27.759+0000] {logging_mixin.py:188} INFO - [2025-10-06T11:36:27.758+0000] {dag.py:3823} INFO - Setting next_dagrun for coms_end_to_end_etl to 2025-10-06 00:00:00+00:00, run_after=2025-10-07 00:00:00+00:00
[2025-10-06T11:36:27.768+0000] {processor.py:183} INFO - Processing /opt/airflow/dags/coms_dags.py took 0.127 seconds
[2025-10-06T11:36:58.156+0000] {processor.py:161} INFO - Started process (PID=9407) to work on /opt/airflow/dags/coms_dags.py
[2025-10-06T11:36:58.158+0000] {processor.py:830} INFO - Processing file /opt/airflow/dags/coms_dags.py for tasks to queue
[2025-10-06T11:36:58.162+0000] {logging_mixin.py:188} INFO - [2025-10-06T11:36:58.161+0000] {dagbag.py:538} INFO - Filling up the DagBag from /opt/airflow/dags/coms_dags.py
[2025-10-06T11:36:58.200+0000] {processor.py:840} INFO - DAG(s) 'coms_end_to_end_etl' retrieved from /opt/airflow/dags/coms_dags.py
[2025-10-06T11:36:58.233+0000] {logging_mixin.py:188} INFO - [2025-10-06T11:36:58.233+0000] {dag.py:3036} INFO - Sync 1 DAGs
[2025-10-06T11:36:58.248+0000] {logging_mixin.py:188} INFO - [2025-10-06T11:36:58.247+0000] {dag.py:3823} INFO - Setting next_dagrun for coms_end_to_end_etl to 2025-10-06 00:00:00+00:00, run_after=2025-10-07 00:00:00+00:00
[2025-10-06T11:36:58.257+0000] {processor.py:183} INFO - Processing /opt/airflow/dags/coms_dags.py took 0.120 seconds
[2025-10-06T11:37:28.599+0000] {processor.py:161} INFO - Started process (PID=9415) to work on /opt/airflow/dags/coms_dags.py
[2025-10-06T11:37:28.601+0000] {processor.py:830} INFO - Processing file /opt/airflow/dags/coms_dags.py for tasks to queue
[2025-10-06T11:37:28.605+0000] {logging_mixin.py:188} INFO - [2025-10-06T11:37:28.605+0000] {dagbag.py:538} INFO - Filling up the DagBag from /opt/airflow/dags/coms_dags.py
[2025-10-06T11:37:28.636+0000] {processor.py:840} INFO - DAG(s) 'coms_end_to_end_etl' retrieved from /opt/airflow/dags/coms_dags.py
[2025-10-06T11:37:28.682+0000] {logging_mixin.py:188} INFO - [2025-10-06T11:37:28.682+0000] {dag.py:3036} INFO - Sync 1 DAGs
[2025-10-06T11:37:28.702+0000] {logging_mixin.py:188} INFO - [2025-10-06T11:37:28.702+0000] {dag.py:3823} INFO - Setting next_dagrun for coms_end_to_end_etl to 2025-10-06 00:00:00+00:00, run_after=2025-10-07 00:00:00+00:00
[2025-10-06T11:37:28.718+0000] {processor.py:183} INFO - Processing /opt/airflow/dags/coms_dags.py took 0.126 seconds
[2025-10-06T11:37:59.057+0000] {processor.py:161} INFO - Started process (PID=9423) to work on /opt/airflow/dags/coms_dags.py
[2025-10-06T11:37:59.060+0000] {processor.py:830} INFO - Processing file /opt/airflow/dags/coms_dags.py for tasks to queue
[2025-10-06T11:37:59.065+0000] {logging_mixin.py:188} INFO - [2025-10-06T11:37:59.064+0000] {dagbag.py:538} INFO - Filling up the DagBag from /opt/airflow/dags/coms_dags.py
[2025-10-06T11:37:59.122+0000] {processor.py:840} INFO - DAG(s) 'coms_end_to_end_etl' retrieved from /opt/airflow/dags/coms_dags.py
[2025-10-06T11:37:59.151+0000] {logging_mixin.py:188} INFO - [2025-10-06T11:37:59.151+0000] {dag.py:3036} INFO - Sync 1 DAGs
[2025-10-06T11:37:59.168+0000] {logging_mixin.py:188} INFO - [2025-10-06T11:37:59.168+0000] {dag.py:3823} INFO - Setting next_dagrun for coms_end_to_end_etl to 2025-10-06 00:00:00+00:00, run_after=2025-10-07 00:00:00+00:00
[2025-10-06T11:37:59.177+0000] {processor.py:183} INFO - Processing /opt/airflow/dags/coms_dags.py took 0.128 seconds
[2025-10-06T11:38:29.403+0000] {processor.py:161} INFO - Started process (PID=9431) to work on /opt/airflow/dags/coms_dags.py
[2025-10-06T11:38:29.406+0000] {processor.py:830} INFO - Processing file /opt/airflow/dags/coms_dags.py for tasks to queue
[2025-10-06T11:38:29.410+0000] {logging_mixin.py:188} INFO - [2025-10-06T11:38:29.410+0000] {dagbag.py:538} INFO - Filling up the DagBag from /opt/airflow/dags/coms_dags.py
[2025-10-06T11:38:29.446+0000] {processor.py:840} INFO - DAG(s) 'coms_end_to_end_etl' retrieved from /opt/airflow/dags/coms_dags.py
[2025-10-06T11:38:29.493+0000] {logging_mixin.py:188} INFO - [2025-10-06T11:38:29.493+0000] {dag.py:3036} INFO - Sync 1 DAGs
[2025-10-06T11:38:29.508+0000] {logging_mixin.py:188} INFO - [2025-10-06T11:38:29.508+0000] {dag.py:3823} INFO - Setting next_dagrun for coms_end_to_end_etl to 2025-10-06 00:00:00+00:00, run_after=2025-10-07 00:00:00+00:00
[2025-10-06T11:38:29.518+0000] {processor.py:183} INFO - Processing /opt/airflow/dags/coms_dags.py took 0.124 seconds
[2025-10-06T11:38:59.830+0000] {processor.py:161} INFO - Started process (PID=9439) to work on /opt/airflow/dags/coms_dags.py
[2025-10-06T11:38:59.832+0000] {processor.py:830} INFO - Processing file /opt/airflow/dags/coms_dags.py for tasks to queue
[2025-10-06T11:38:59.836+0000] {logging_mixin.py:188} INFO - [2025-10-06T11:38:59.836+0000] {dagbag.py:538} INFO - Filling up the DagBag from /opt/airflow/dags/coms_dags.py
[2025-10-06T11:38:59.879+0000] {processor.py:840} INFO - DAG(s) 'coms_end_to_end_etl' retrieved from /opt/airflow/dags/coms_dags.py
[2025-10-06T11:38:59.914+0000] {logging_mixin.py:188} INFO - [2025-10-06T11:38:59.913+0000] {dag.py:3036} INFO - Sync 1 DAGs
[2025-10-06T11:38:59.928+0000] {logging_mixin.py:188} INFO - [2025-10-06T11:38:59.928+0000] {dag.py:3823} INFO - Setting next_dagrun for coms_end_to_end_etl to 2025-10-06 00:00:00+00:00, run_after=2025-10-07 00:00:00+00:00
[2025-10-06T11:38:59.938+0000] {processor.py:183} INFO - Processing /opt/airflow/dags/coms_dags.py took 0.115 seconds
[2025-10-06T11:39:30.219+0000] {processor.py:161} INFO - Started process (PID=9447) to work on /opt/airflow/dags/coms_dags.py
[2025-10-06T11:39:30.221+0000] {processor.py:830} INFO - Processing file /opt/airflow/dags/coms_dags.py for tasks to queue
[2025-10-06T11:39:30.223+0000] {logging_mixin.py:188} INFO - [2025-10-06T11:39:30.223+0000] {dagbag.py:538} INFO - Filling up the DagBag from /opt/airflow/dags/coms_dags.py
[2025-10-06T11:39:30.243+0000] {processor.py:840} INFO - DAG(s) 'coms_end_to_end_etl' retrieved from /opt/airflow/dags/coms_dags.py
[2025-10-06T11:39:30.267+0000] {logging_mixin.py:188} INFO - [2025-10-06T11:39:30.266+0000] {dag.py:3036} INFO - Sync 1 DAGs
[2025-10-06T11:39:30.279+0000] {logging_mixin.py:188} INFO - [2025-10-06T11:39:30.279+0000] {dag.py:3823} INFO - Setting next_dagrun for coms_end_to_end_etl to 2025-10-06 00:00:00+00:00, run_after=2025-10-07 00:00:00+00:00
[2025-10-06T11:39:30.288+0000] {processor.py:183} INFO - Processing /opt/airflow/dags/coms_dags.py took 0.072 seconds
[2025-10-06T11:40:00.586+0000] {processor.py:161} INFO - Started process (PID=9455) to work on /opt/airflow/dags/coms_dags.py
[2025-10-06T11:40:00.587+0000] {processor.py:830} INFO - Processing file /opt/airflow/dags/coms_dags.py for tasks to queue
[2025-10-06T11:40:00.590+0000] {logging_mixin.py:188} INFO - [2025-10-06T11:40:00.590+0000] {dagbag.py:538} INFO - Filling up the DagBag from /opt/airflow/dags/coms_dags.py
[2025-10-06T11:40:00.628+0000] {processor.py:840} INFO - DAG(s) 'coms_end_to_end_etl' retrieved from /opt/airflow/dags/coms_dags.py
[2025-10-06T11:40:00.660+0000] {logging_mixin.py:188} INFO - [2025-10-06T11:40:00.660+0000] {dag.py:3036} INFO - Sync 1 DAGs
[2025-10-06T11:40:00.677+0000] {logging_mixin.py:188} INFO - [2025-10-06T11:40:00.677+0000] {dag.py:3823} INFO - Setting next_dagrun for coms_end_to_end_etl to 2025-10-06 00:00:00+00:00, run_after=2025-10-07 00:00:00+00:00
[2025-10-06T11:40:00.687+0000] {processor.py:183} INFO - Processing /opt/airflow/dags/coms_dags.py took 0.105 seconds
[2025-10-06T11:40:31.065+0000] {processor.py:161} INFO - Started process (PID=9456) to work on /opt/airflow/dags/coms_dags.py
[2025-10-06T11:40:31.068+0000] {processor.py:830} INFO - Processing file /opt/airflow/dags/coms_dags.py for tasks to queue
[2025-10-06T11:40:31.072+0000] {logging_mixin.py:188} INFO - [2025-10-06T11:40:31.071+0000] {dagbag.py:538} INFO - Filling up the DagBag from /opt/airflow/dags/coms_dags.py
[2025-10-06T11:40:31.127+0000] {processor.py:840} INFO - DAG(s) 'coms_end_to_end_etl' retrieved from /opt/airflow/dags/coms_dags.py
[2025-10-06T11:40:31.162+0000] {logging_mixin.py:188} INFO - [2025-10-06T11:40:31.162+0000] {dag.py:3036} INFO - Sync 1 DAGs
[2025-10-06T11:40:31.178+0000] {logging_mixin.py:188} INFO - [2025-10-06T11:40:31.178+0000] {dag.py:3823} INFO - Setting next_dagrun for coms_end_to_end_etl to 2025-10-06 00:00:00+00:00, run_after=2025-10-07 00:00:00+00:00
[2025-10-06T11:40:31.189+0000] {processor.py:183} INFO - Processing /opt/airflow/dags/coms_dags.py took 0.130 seconds
[2025-10-06T11:41:01.503+0000] {processor.py:161} INFO - Started process (PID=9464) to work on /opt/airflow/dags/coms_dags.py
[2025-10-06T11:41:01.506+0000] {processor.py:830} INFO - Processing file /opt/airflow/dags/coms_dags.py for tasks to queue
[2025-10-06T11:41:01.511+0000] {logging_mixin.py:188} INFO - [2025-10-06T11:41:01.510+0000] {dagbag.py:538} INFO - Filling up the DagBag from /opt/airflow/dags/coms_dags.py
[2025-10-06T11:41:01.585+0000] {processor.py:840} INFO - DAG(s) 'coms_end_to_end_etl' retrieved from /opt/airflow/dags/coms_dags.py
[2025-10-06T11:41:01.624+0000] {logging_mixin.py:188} INFO - [2025-10-06T11:41:01.624+0000] {dag.py:3036} INFO - Sync 1 DAGs
[2025-10-06T11:41:01.638+0000] {logging_mixin.py:188} INFO - [2025-10-06T11:41:01.638+0000] {dag.py:3823} INFO - Setting next_dagrun for coms_end_to_end_etl to 2025-10-06 00:00:00+00:00, run_after=2025-10-07 00:00:00+00:00
[2025-10-06T11:41:01.648+0000] {processor.py:183} INFO - Processing /opt/airflow/dags/coms_dags.py took 0.152 seconds
[2025-10-06T11:41:31.985+0000] {processor.py:161} INFO - Started process (PID=9472) to work on /opt/airflow/dags/coms_dags.py
[2025-10-06T11:41:31.990+0000] {processor.py:830} INFO - Processing file /opt/airflow/dags/coms_dags.py for tasks to queue
[2025-10-06T11:41:31.996+0000] {logging_mixin.py:188} INFO - [2025-10-06T11:41:31.995+0000] {dagbag.py:538} INFO - Filling up the DagBag from /opt/airflow/dags/coms_dags.py
[2025-10-06T11:41:32.036+0000] {processor.py:840} INFO - DAG(s) 'coms_end_to_end_etl' retrieved from /opt/airflow/dags/coms_dags.py
[2025-10-06T11:41:32.069+0000] {logging_mixin.py:188} INFO - [2025-10-06T11:41:32.069+0000] {dag.py:3036} INFO - Sync 1 DAGs
[2025-10-06T11:41:32.085+0000] {logging_mixin.py:188} INFO - [2025-10-06T11:41:32.085+0000] {dag.py:3823} INFO - Setting next_dagrun for coms_end_to_end_etl to 2025-10-06 00:00:00+00:00, run_after=2025-10-07 00:00:00+00:00
[2025-10-06T11:41:32.095+0000] {processor.py:183} INFO - Processing /opt/airflow/dags/coms_dags.py took 0.136 seconds
[2025-10-06T11:42:02.334+0000] {processor.py:161} INFO - Started process (PID=9480) to work on /opt/airflow/dags/coms_dags.py
[2025-10-06T11:42:02.338+0000] {processor.py:830} INFO - Processing file /opt/airflow/dags/coms_dags.py for tasks to queue
[2025-10-06T11:42:02.342+0000] {logging_mixin.py:188} INFO - [2025-10-06T11:42:02.342+0000] {dagbag.py:538} INFO - Filling up the DagBag from /opt/airflow/dags/coms_dags.py
[2025-10-06T11:42:02.398+0000] {processor.py:840} INFO - DAG(s) 'coms_end_to_end_etl' retrieved from /opt/airflow/dags/coms_dags.py
[2025-10-06T11:42:02.430+0000] {logging_mixin.py:188} INFO - [2025-10-06T11:42:02.430+0000] {dag.py:3036} INFO - Sync 1 DAGs
[2025-10-06T11:42:02.445+0000] {logging_mixin.py:188} INFO - [2025-10-06T11:42:02.445+0000] {dag.py:3823} INFO - Setting next_dagrun for coms_end_to_end_etl to 2025-10-06 00:00:00+00:00, run_after=2025-10-07 00:00:00+00:00
[2025-10-06T11:42:02.455+0000] {processor.py:183} INFO - Processing /opt/airflow/dags/coms_dags.py took 0.128 seconds
[2025-10-06T11:42:32.677+0000] {processor.py:161} INFO - Started process (PID=9488) to work on /opt/airflow/dags/coms_dags.py
[2025-10-06T11:42:32.680+0000] {processor.py:830} INFO - Processing file /opt/airflow/dags/coms_dags.py for tasks to queue
[2025-10-06T11:42:32.685+0000] {logging_mixin.py:188} INFO - [2025-10-06T11:42:32.684+0000] {dagbag.py:538} INFO - Filling up the DagBag from /opt/airflow/dags/coms_dags.py
[2025-10-06T11:42:32.735+0000] {processor.py:840} INFO - DAG(s) 'coms_end_to_end_etl' retrieved from /opt/airflow/dags/coms_dags.py
[2025-10-06T11:42:32.768+0000] {logging_mixin.py:188} INFO - [2025-10-06T11:42:32.768+0000] {dag.py:3036} INFO - Sync 1 DAGs
[2025-10-06T11:42:32.784+0000] {logging_mixin.py:188} INFO - [2025-10-06T11:42:32.784+0000] {dag.py:3823} INFO - Setting next_dagrun for coms_end_to_end_etl to 2025-10-06 00:00:00+00:00, run_after=2025-10-07 00:00:00+00:00
[2025-10-06T11:42:32.800+0000] {processor.py:183} INFO - Processing /opt/airflow/dags/coms_dags.py took 0.131 seconds
[2025-10-06T11:43:03.661+0000] {processor.py:161} INFO - Started process (PID=9496) to work on /opt/airflow/dags/coms_dags.py
[2025-10-06T11:43:03.664+0000] {processor.py:830} INFO - Processing file /opt/airflow/dags/coms_dags.py for tasks to queue
[2025-10-06T11:43:03.667+0000] {logging_mixin.py:188} INFO - [2025-10-06T11:43:03.667+0000] {dagbag.py:538} INFO - Filling up the DagBag from /opt/airflow/dags/coms_dags.py
[2025-10-06T11:43:03.694+0000] {processor.py:840} INFO - DAG(s) 'coms_end_to_end_etl' retrieved from /opt/airflow/dags/coms_dags.py
[2025-10-06T11:43:03.740+0000] {logging_mixin.py:188} INFO - [2025-10-06T11:43:03.740+0000] {dag.py:3036} INFO - Sync 1 DAGs
[2025-10-06T11:43:03.759+0000] {logging_mixin.py:188} INFO - [2025-10-06T11:43:03.759+0000] {dag.py:3823} INFO - Setting next_dagrun for coms_end_to_end_etl to 2025-10-06 00:00:00+00:00, run_after=2025-10-07 00:00:00+00:00
[2025-10-06T11:43:03.786+0000] {processor.py:183} INFO - Processing /opt/airflow/dags/coms_dags.py took 0.147 seconds
[2025-10-06T11:52:56.768+0000] {processor.py:161} INFO - Started process (PID=9504) to work on /opt/airflow/dags/coms_dags.py
[2025-10-06T11:52:56.771+0000] {processor.py:830} INFO - Processing file /opt/airflow/dags/coms_dags.py for tasks to queue
[2025-10-06T11:52:56.785+0000] {logging_mixin.py:188} INFO - [2025-10-06T11:52:56.782+0000] {dagbag.py:538} INFO - Filling up the DagBag from /opt/airflow/dags/coms_dags.py
[2025-10-06T11:52:56.835+0000] {processor.py:840} INFO - DAG(s) 'coms_end_to_end_etl' retrieved from /opt/airflow/dags/coms_dags.py
[2025-10-06T11:52:56.945+0000] {logging_mixin.py:188} INFO - [2025-10-06T11:52:56.944+0000] {dag.py:3036} INFO - Sync 1 DAGs
[2025-10-06T11:52:57.024+0000] {logging_mixin.py:188} INFO - [2025-10-06T11:52:57.023+0000] {dag.py:3823} INFO - Setting next_dagrun for coms_end_to_end_etl to 2025-10-06 00:00:00+00:00, run_after=2025-10-07 00:00:00+00:00
[2025-10-06T11:52:57.062+0000] {processor.py:183} INFO - Processing /opt/airflow/dags/coms_dags.py took 0.308 seconds
[2025-10-06T12:07:04.514+0000] {processor.py:161} INFO - Started process (PID=9512) to work on /opt/airflow/dags/coms_dags.py
[2025-10-06T12:07:04.521+0000] {processor.py:830} INFO - Processing file /opt/airflow/dags/coms_dags.py for tasks to queue
[2025-10-06T12:07:04.532+0000] {logging_mixin.py:188} INFO - [2025-10-06T12:07:04.531+0000] {dagbag.py:538} INFO - Filling up the DagBag from /opt/airflow/dags/coms_dags.py
[2025-10-06T12:07:04.614+0000] {processor.py:840} INFO - DAG(s) 'coms_end_to_end_etl' retrieved from /opt/airflow/dags/coms_dags.py
[2025-10-06T12:07:04.669+0000] {logging_mixin.py:188} INFO - [2025-10-06T12:07:04.668+0000] {dag.py:3036} INFO - Sync 1 DAGs
[2025-10-06T12:07:04.690+0000] {logging_mixin.py:188} INFO - [2025-10-06T12:07:04.690+0000] {dag.py:3823} INFO - Setting next_dagrun for coms_end_to_end_etl to 2025-10-06 00:00:00+00:00, run_after=2025-10-07 00:00:00+00:00
[2025-10-06T12:07:04.712+0000] {processor.py:183} INFO - Processing /opt/airflow/dags/coms_dags.py took 0.226 seconds
[2025-10-06T12:29:51.520+0000] {processor.py:161} INFO - Started process (PID=9520) to work on /opt/airflow/dags/coms_dags.py
[2025-10-06T12:29:51.525+0000] {processor.py:830} INFO - Processing file /opt/airflow/dags/coms_dags.py for tasks to queue
[2025-10-06T12:29:51.532+0000] {logging_mixin.py:188} INFO - [2025-10-06T12:29:51.531+0000] {dagbag.py:538} INFO - Filling up the DagBag from /opt/airflow/dags/coms_dags.py
[2025-10-06T12:29:51.593+0000] {processor.py:840} INFO - DAG(s) 'coms_end_to_end_etl' retrieved from /opt/airflow/dags/coms_dags.py
[2025-10-06T12:29:51.673+0000] {logging_mixin.py:188} INFO - [2025-10-06T12:29:51.672+0000] {dag.py:3036} INFO - Sync 1 DAGs
[2025-10-06T12:29:51.709+0000] {logging_mixin.py:188} INFO - [2025-10-06T12:29:51.708+0000] {dag.py:3823} INFO - Setting next_dagrun for coms_end_to_end_etl to 2025-10-06 00:00:00+00:00, run_after=2025-10-07 00:00:00+00:00
[2025-10-06T12:29:51.769+0000] {processor.py:183} INFO - Processing /opt/airflow/dags/coms_dags.py took 0.271 seconds
[2025-10-06T13:19:24.915+0000] {processor.py:161} INFO - Started process (PID=9528) to work on /opt/airflow/dags/coms_dags.py
[2025-10-06T13:19:24.918+0000] {processor.py:830} INFO - Processing file /opt/airflow/dags/coms_dags.py for tasks to queue
[2025-10-06T13:19:24.926+0000] {logging_mixin.py:188} INFO - [2025-10-06T13:19:24.924+0000] {dagbag.py:538} INFO - Filling up the DagBag from /opt/airflow/dags/coms_dags.py
[2025-10-06T13:19:25.028+0000] {processor.py:840} INFO - DAG(s) 'coms_end_to_end_etl' retrieved from /opt/airflow/dags/coms_dags.py
[2025-10-06T13:19:25.100+0000] {logging_mixin.py:188} INFO - [2025-10-06T13:19:25.099+0000] {dag.py:3036} INFO - Sync 1 DAGs
[2025-10-06T13:19:25.142+0000] {logging_mixin.py:188} INFO - [2025-10-06T13:19:25.141+0000] {dag.py:3823} INFO - Setting next_dagrun for coms_end_to_end_etl to 2025-10-06 00:00:00+00:00, run_after=2025-10-07 00:00:00+00:00
[2025-10-06T13:19:25.170+0000] {processor.py:183} INFO - Processing /opt/airflow/dags/coms_dags.py took 0.263 seconds
[2025-10-06T13:30:15.030+0000] {processor.py:161} INFO - Started process (PID=9536) to work on /opt/airflow/dags/coms_dags.py
[2025-10-06T13:30:15.031+0000] {processor.py:830} INFO - Processing file /opt/airflow/dags/coms_dags.py for tasks to queue
[2025-10-06T13:30:15.035+0000] {logging_mixin.py:188} INFO - [2025-10-06T13:30:15.035+0000] {dagbag.py:538} INFO - Filling up the DagBag from /opt/airflow/dags/coms_dags.py
[2025-10-06T13:30:15.060+0000] {processor.py:840} INFO - DAG(s) 'coms_end_to_end_etl' retrieved from /opt/airflow/dags/coms_dags.py
[2025-10-06T13:30:15.090+0000] {logging_mixin.py:188} INFO - [2025-10-06T13:30:15.090+0000] {dag.py:3036} INFO - Sync 1 DAGs
[2025-10-06T13:30:15.117+0000] {logging_mixin.py:188} INFO - [2025-10-06T13:30:15.117+0000] {dag.py:3823} INFO - Setting next_dagrun for coms_end_to_end_etl to 2025-10-06 00:00:00+00:00, run_after=2025-10-07 00:00:00+00:00
[2025-10-06T13:30:15.131+0000] {processor.py:183} INFO - Processing /opt/airflow/dags/coms_dags.py took 0.116 seconds
[2025-10-06T14:36:26.422+0000] {processor.py:161} INFO - Started process (PID=9544) to work on /opt/airflow/dags/coms_dags.py
[2025-10-06T14:36:26.427+0000] {processor.py:830} INFO - Processing file /opt/airflow/dags/coms_dags.py for tasks to queue
[2025-10-06T14:36:26.440+0000] {logging_mixin.py:188} INFO - [2025-10-06T14:36:26.438+0000] {dagbag.py:538} INFO - Filling up the DagBag from /opt/airflow/dags/coms_dags.py
[2025-10-06T14:36:26.527+0000] {processor.py:840} INFO - DAG(s) 'coms_end_to_end_etl' retrieved from /opt/airflow/dags/coms_dags.py
[2025-10-06T14:36:26.628+0000] {logging_mixin.py:188} INFO - [2025-10-06T14:36:26.626+0000] {dag.py:3036} INFO - Sync 1 DAGs
[2025-10-06T14:36:26.825+0000] {logging_mixin.py:188} INFO - [2025-10-06T14:36:26.814+0000] {dag.py:3823} INFO - Setting next_dagrun for coms_end_to_end_etl to 2025-10-06 00:00:00+00:00, run_after=2025-10-07 00:00:00+00:00
[2025-10-06T14:36:26.868+0000] {processor.py:183} INFO - Processing /opt/airflow/dags/coms_dags.py took 0.457 seconds
[2025-10-06T15:29:09.091+0000] {processor.py:161} INFO - Started process (PID=9552) to work on /opt/airflow/dags/coms_dags.py
[2025-10-06T15:29:09.092+0000] {processor.py:830} INFO - Processing file /opt/airflow/dags/coms_dags.py for tasks to queue
[2025-10-06T15:29:09.099+0000] {logging_mixin.py:188} INFO - [2025-10-06T15:29:09.098+0000] {dagbag.py:538} INFO - Filling up the DagBag from /opt/airflow/dags/coms_dags.py
[2025-10-06T15:29:09.141+0000] {processor.py:840} INFO - DAG(s) 'coms_end_to_end_etl' retrieved from /opt/airflow/dags/coms_dags.py
[2025-10-06T15:29:09.181+0000] {logging_mixin.py:188} INFO - [2025-10-06T15:29:09.181+0000] {dag.py:3036} INFO - Sync 1 DAGs
[2025-10-06T15:29:09.201+0000] {logging_mixin.py:188} INFO - [2025-10-06T15:29:09.201+0000] {dag.py:3823} INFO - Setting next_dagrun for coms_end_to_end_etl to 2025-10-06 00:00:00+00:00, run_after=2025-10-07 00:00:00+00:00
[2025-10-06T15:29:09.210+0000] {processor.py:183} INFO - Processing /opt/airflow/dags/coms_dags.py took 0.125 seconds
[2025-10-06T16:34:05.560+0000] {processor.py:161} INFO - Started process (PID=9560) to work on /opt/airflow/dags/coms_dags.py
[2025-10-06T16:34:05.560+0000] {processor.py:830} INFO - Processing file /opt/airflow/dags/coms_dags.py for tasks to queue
[2025-10-06T16:34:05.563+0000] {logging_mixin.py:188} INFO - [2025-10-06T16:34:05.563+0000] {dagbag.py:538} INFO - Filling up the DagBag from /opt/airflow/dags/coms_dags.py
[2025-10-06T16:34:05.585+0000] {processor.py:840} INFO - DAG(s) 'coms_end_to_end_etl' retrieved from /opt/airflow/dags/coms_dags.py
[2025-10-06T16:34:05.627+0000] {logging_mixin.py:188} INFO - [2025-10-06T16:34:05.627+0000] {dag.py:3036} INFO - Sync 1 DAGs
[2025-10-06T16:34:05.647+0000] {logging_mixin.py:188} INFO - [2025-10-06T16:34:05.647+0000] {dag.py:3823} INFO - Setting next_dagrun for coms_end_to_end_etl to 2025-10-06 00:00:00+00:00, run_after=2025-10-07 00:00:00+00:00
[2025-10-06T16:34:05.659+0000] {processor.py:183} INFO - Processing /opt/airflow/dags/coms_dags.py took 0.104 seconds
[2025-10-06T17:38:30.566+0000] {processor.py:161} INFO - Started process (PID=9568) to work on /opt/airflow/dags/coms_dags.py
[2025-10-06T17:38:30.570+0000] {processor.py:830} INFO - Processing file /opt/airflow/dags/coms_dags.py for tasks to queue
[2025-10-06T17:38:30.580+0000] {logging_mixin.py:188} INFO - [2025-10-06T17:38:30.579+0000] {dagbag.py:538} INFO - Filling up the DagBag from /opt/airflow/dags/coms_dags.py
[2025-10-06T17:38:30.733+0000] {processor.py:840} INFO - DAG(s) 'coms_end_to_end_etl' retrieved from /opt/airflow/dags/coms_dags.py
[2025-10-06T17:38:30.862+0000] {logging_mixin.py:188} INFO - [2025-10-06T17:38:30.861+0000] {dag.py:3036} INFO - Sync 1 DAGs
[2025-10-06T17:38:30.930+0000] {logging_mixin.py:188} INFO - [2025-10-06T17:38:30.929+0000] {dag.py:3823} INFO - Setting next_dagrun for coms_end_to_end_etl to 2025-10-06 00:00:00+00:00, run_after=2025-10-07 00:00:00+00:00
[2025-10-06T17:38:30.958+0000] {processor.py:183} INFO - Processing /opt/airflow/dags/coms_dags.py took 0.407 seconds
[2025-10-06T18:21:25.293+0000] {processor.py:161} INFO - Started process (PID=9569) to work on /opt/airflow/dags/coms_dags.py
[2025-10-06T18:21:25.297+0000] {processor.py:830} INFO - Processing file /opt/airflow/dags/coms_dags.py for tasks to queue
[2025-10-06T18:21:25.306+0000] {logging_mixin.py:188} INFO - [2025-10-06T18:21:25.306+0000] {dagbag.py:538} INFO - Filling up the DagBag from /opt/airflow/dags/coms_dags.py
[2025-10-06T18:21:25.398+0000] {processor.py:840} INFO - DAG(s) 'coms_end_to_end_etl' retrieved from /opt/airflow/dags/coms_dags.py
[2025-10-06T18:21:25.489+0000] {logging_mixin.py:188} INFO - [2025-10-06T18:21:25.488+0000] {dag.py:3036} INFO - Sync 1 DAGs
[2025-10-06T18:21:25.545+0000] {logging_mixin.py:188} INFO - [2025-10-06T18:21:25.545+0000] {dag.py:3823} INFO - Setting next_dagrun for coms_end_to_end_etl to 2025-10-06 00:00:00+00:00, run_after=2025-10-07 00:00:00+00:00
[2025-10-06T18:21:25.574+0000] {processor.py:183} INFO - Processing /opt/airflow/dags/coms_dags.py took 0.302 seconds
[2025-10-06T18:21:55.962+0000] {processor.py:161} INFO - Started process (PID=9577) to work on /opt/airflow/dags/coms_dags.py
[2025-10-06T18:21:55.965+0000] {processor.py:830} INFO - Processing file /opt/airflow/dags/coms_dags.py for tasks to queue
[2025-10-06T18:21:55.969+0000] {logging_mixin.py:188} INFO - [2025-10-06T18:21:55.968+0000] {dagbag.py:538} INFO - Filling up the DagBag from /opt/airflow/dags/coms_dags.py
[2025-10-06T18:21:56.022+0000] {processor.py:840} INFO - DAG(s) 'coms_end_to_end_etl' retrieved from /opt/airflow/dags/coms_dags.py
[2025-10-06T18:21:56.057+0000] {logging_mixin.py:188} INFO - [2025-10-06T18:21:56.057+0000] {dag.py:3036} INFO - Sync 1 DAGs
[2025-10-06T18:21:56.090+0000] {logging_mixin.py:188} INFO - [2025-10-06T18:21:56.089+0000] {dag.py:3823} INFO - Setting next_dagrun for coms_end_to_end_etl to 2025-10-06 00:00:00+00:00, run_after=2025-10-07 00:00:00+00:00
[2025-10-06T18:21:56.103+0000] {processor.py:183} INFO - Processing /opt/airflow/dags/coms_dags.py took 0.149 seconds
[2025-10-06T18:22:26.422+0000] {processor.py:161} INFO - Started process (PID=9586) to work on /opt/airflow/dags/coms_dags.py
[2025-10-06T18:22:26.425+0000] {processor.py:830} INFO - Processing file /opt/airflow/dags/coms_dags.py for tasks to queue
[2025-10-06T18:22:26.431+0000] {logging_mixin.py:188} INFO - [2025-10-06T18:22:26.431+0000] {dagbag.py:538} INFO - Filling up the DagBag from /opt/airflow/dags/coms_dags.py
[2025-10-06T18:22:26.465+0000] {processor.py:840} INFO - DAG(s) 'coms_end_to_end_etl' retrieved from /opt/airflow/dags/coms_dags.py
[2025-10-06T18:22:26.492+0000] {logging_mixin.py:188} INFO - [2025-10-06T18:22:26.492+0000] {dag.py:3036} INFO - Sync 1 DAGs
[2025-10-06T18:22:26.516+0000] {logging_mixin.py:188} INFO - [2025-10-06T18:22:26.516+0000] {dag.py:3823} INFO - Setting next_dagrun for coms_end_to_end_etl to 2025-10-06 00:00:00+00:00, run_after=2025-10-07 00:00:00+00:00
[2025-10-06T18:22:26.530+0000] {processor.py:183} INFO - Processing /opt/airflow/dags/coms_dags.py took 0.134 seconds
[2025-10-06T18:22:56.816+0000] {processor.py:161} INFO - Started process (PID=9594) to work on /opt/airflow/dags/coms_dags.py
[2025-10-06T18:22:56.818+0000] {processor.py:830} INFO - Processing file /opt/airflow/dags/coms_dags.py for tasks to queue
[2025-10-06T18:22:56.824+0000] {logging_mixin.py:188} INFO - [2025-10-06T18:22:56.823+0000] {dagbag.py:538} INFO - Filling up the DagBag from /opt/airflow/dags/coms_dags.py
[2025-10-06T18:22:56.850+0000] {processor.py:840} INFO - DAG(s) 'coms_end_to_end_etl' retrieved from /opt/airflow/dags/coms_dags.py
[2025-10-06T18:22:56.912+0000] {logging_mixin.py:188} INFO - [2025-10-06T18:22:56.912+0000] {dag.py:3036} INFO - Sync 1 DAGs
[2025-10-06T18:22:56.928+0000] {logging_mixin.py:188} INFO - [2025-10-06T18:22:56.928+0000] {dag.py:3823} INFO - Setting next_dagrun for coms_end_to_end_etl to 2025-10-06 00:00:00+00:00, run_after=2025-10-07 00:00:00+00:00
[2025-10-06T18:22:56.939+0000] {processor.py:183} INFO - Processing /opt/airflow/dags/coms_dags.py took 0.129 seconds
[2025-10-06T18:23:27.276+0000] {processor.py:161} INFO - Started process (PID=9602) to work on /opt/airflow/dags/coms_dags.py
[2025-10-06T18:23:27.279+0000] {processor.py:830} INFO - Processing file /opt/airflow/dags/coms_dags.py for tasks to queue
[2025-10-06T18:23:27.283+0000] {logging_mixin.py:188} INFO - [2025-10-06T18:23:27.283+0000] {dagbag.py:538} INFO - Filling up the DagBag from /opt/airflow/dags/coms_dags.py
[2025-10-06T18:23:27.333+0000] {processor.py:840} INFO - DAG(s) 'coms_end_to_end_etl' retrieved from /opt/airflow/dags/coms_dags.py
[2025-10-06T18:23:27.361+0000] {logging_mixin.py:188} INFO - [2025-10-06T18:23:27.361+0000] {dag.py:3036} INFO - Sync 1 DAGs
[2025-10-06T18:23:27.376+0000] {logging_mixin.py:188} INFO - [2025-10-06T18:23:27.376+0000] {dag.py:3823} INFO - Setting next_dagrun for coms_end_to_end_etl to 2025-10-06 00:00:00+00:00, run_after=2025-10-07 00:00:00+00:00
[2025-10-06T18:23:27.385+0000] {processor.py:183} INFO - Processing /opt/airflow/dags/coms_dags.py took 0.115 seconds
[2025-10-06T18:23:57.662+0000] {processor.py:161} INFO - Started process (PID=9610) to work on /opt/airflow/dags/coms_dags.py
[2025-10-06T18:23:57.664+0000] {processor.py:830} INFO - Processing file /opt/airflow/dags/coms_dags.py for tasks to queue
[2025-10-06T18:23:57.669+0000] {logging_mixin.py:188} INFO - [2025-10-06T18:23:57.668+0000] {dagbag.py:538} INFO - Filling up the DagBag from /opt/airflow/dags/coms_dags.py
[2025-10-06T18:23:57.722+0000] {processor.py:840} INFO - DAG(s) 'coms_end_to_end_etl' retrieved from /opt/airflow/dags/coms_dags.py
[2025-10-06T18:23:57.762+0000] {logging_mixin.py:188} INFO - [2025-10-06T18:23:57.762+0000] {dag.py:3036} INFO - Sync 1 DAGs
[2025-10-06T18:23:57.778+0000] {logging_mixin.py:188} INFO - [2025-10-06T18:23:57.778+0000] {dag.py:3823} INFO - Setting next_dagrun for coms_end_to_end_etl to 2025-10-06 00:00:00+00:00, run_after=2025-10-07 00:00:00+00:00
[2025-10-06T18:23:57.788+0000] {processor.py:183} INFO - Processing /opt/airflow/dags/coms_dags.py took 0.133 seconds
[2025-10-06T18:24:28.080+0000] {processor.py:161} INFO - Started process (PID=9618) to work on /opt/airflow/dags/coms_dags.py
[2025-10-06T18:24:28.081+0000] {processor.py:830} INFO - Processing file /opt/airflow/dags/coms_dags.py for tasks to queue
[2025-10-06T18:24:28.084+0000] {logging_mixin.py:188} INFO - [2025-10-06T18:24:28.084+0000] {dagbag.py:538} INFO - Filling up the DagBag from /opt/airflow/dags/coms_dags.py
[2025-10-06T18:24:28.120+0000] {processor.py:840} INFO - DAG(s) 'coms_end_to_end_etl' retrieved from /opt/airflow/dags/coms_dags.py
[2025-10-06T18:24:28.153+0000] {logging_mixin.py:188} INFO - [2025-10-06T18:24:28.153+0000] {dag.py:3036} INFO - Sync 1 DAGs
[2025-10-06T18:24:28.167+0000] {logging_mixin.py:188} INFO - [2025-10-06T18:24:28.166+0000] {dag.py:3823} INFO - Setting next_dagrun for coms_end_to_end_etl to 2025-10-06 00:00:00+00:00, run_after=2025-10-07 00:00:00+00:00
[2025-10-06T18:24:28.177+0000] {processor.py:183} INFO - Processing /opt/airflow/dags/coms_dags.py took 0.102 seconds
